ncsim(64) 15.20-s039
Linux 2.6.32-696.20.1.el6.x86_64 #1 SMP Fri Jan 26 17:51:45 UTC 2018 x86_64
CPU cores: 16
Limit information:
======================================
cputime			unlimited
filesize		unlimited
datasize		unlimited
stacksize		10240 kbytes
coredumpsize	0 kbytes
memoryuse		unlimited
vmemoryuse		unlimited
descriptors		4096
memorylocked	64 kbytes
maxproc			1024
======================================
(Special)Runtime environment variables:

Runtime environment variables:
USER=vlsi1812
LOGNAME=vlsi1812
HOME=/home/user2/vlsi18/vlsi1812
PATH=/usr/cad/cadence/INCISIV/cur/tools/bin/64bit:/opt/RISCV/bin:/usr/cad/syntest/syntest/cur/TurboScan/bin:/usr/cad/syntest/syntest/cur/TurboDFT/bin:/usr/cad/syntest/syntest/cur/TurboCheck-Gate/bin:/usr/cad/syntest/syntest/cur/TurboBSD/bin:/usr/cad/syntest/syntest/cur/TurboBIST-Memory/bin:/usr/cad/mentor/calibre/cur/bin:/usr/cad/cadence/CTOS/cur/tools.lnx86/bin:/usr/cad/cadence/MMSIM/cur/tools/dfII/bin:/usr/cad/cadence/MMSIM/cur/tools/bin:/usr/cad/cadence/IC/cur/tools/dfII/bin:/usr/cad/cadence/IC/cur/tools/dracula/bin:/usr/cad/cadence/IC/cur/tools/bin:/usr/cad/cadence/INCISIV/cur/tools/bin:/usr/cad/cadence/INCISIV/cur/tools/vtools/vfault/bin:/usr/cad/cadence/INCISIV/cur/tools/dfII/bin:/usr/cad/cadence/EDI/cur/tools/celtic/bin:/usr/cad/cadence/EDI/cur/tools/plato/bin:/usr/cad/cadence/EDI/cur/tools/dfII/bin:/usr/cad/cadence/EDI/cur/tools/fe/bin:/usr/cad/cadence/EDI/cur/tools/cdsdoc/bin:/usr/cad/cadence/EDI/cur/tools/bin:/usr/cad/cadence/EDI/cur//tools/tlfUtil/bin:/usr/cad/synopsys/verdi/cur/bin:/usr/cad/synopsys/verdi/cur/nLint/bin:/usr/bin/X11:/usr/cad/synopsys/primetime/cur/amd64/syn/bin:/usr/bin/X11:/usr/cad/synopsys/primerail/cur/amd64/syn/bin:/usr/cad/synopsys/laker/cur/bin:/usr/cad/synopsys/customexplorer/cur/bin:/usr/cad/synopsys/hspice/cur/hspice/bin:/usr/cad/synopsys/hspice/cur/hspice/GNU/linux64/gcc/bin:/usr/cad/synopsys/hspice/cur/hspice/linux64:/usr/bin:/usr/ucb/bin:/usr/bin/X11:/usr/cad/synopsys/coreConsultant/cur/bin:/usr/cad/synopsys/synthesis/cur/amd64/syn/bin:/usr/cad/synopsys/lc/cur/bin:/usr/cad/synopsys/lc/cur/bin:/usr/bin/X11/:/usr/openwin/bin/:/bin:/sbin:/usr/bin:/usr/ucb:/usr/sbin:/usr/local/bin:/etc:.
MAIL=/var/spool/mail/vlsi1812
SHELL=/bin/tcsh
SSH_CLIENT=140.116.49.120 49870 22
SSH_CONNECTION=140.116.49.120 49870 192.168.100.10 22
SSH_TTY=/dev/pts/4
TERM=xterm
DISPLAY=localhost:14.0
HOSTTYPE=x86_64-linux
VENDOR=unknown
OSTYPE=linux
MACHTYPE=x86_64
SHLVL=1
PWD=/home/user2/vlsi18/vlsi1812/lab2
GROUP=student
HOST=vlsicad9
REMOTEHOST=140.116.49.120
HOSTNAME=vlsicad9
LS_COLORS=no=00:fi=00:di=00;34;01:ln=00;36:pi=40;33:so=00;35:bd=40;33;01:cd=40;33;01:or=01;05;37;41:mi=01;05;37;41:ex=00;32:*.cmd=00;32:*.exe=00;32:*.com=00;32:*.btm=00;32:*.bat=00;32:*.sh=00;32:*.csh=00;32:*.tar=00;31:*.tgz=00;31:*.arj=00;31:*.taz=00;31:*.lzh=00;31:*.zip=00;31:*.z=00;31:*.Z=00;31:*.gz=00;31:*.bz2=00;31:*.bz=00;31:*.tz=00;31:*.rpm=00;31:*.cpio=00;31:*.jpg=00;35:*.gif=00;35:*.bmp=00;35:*.xbm=00;35:*.xpm=00;35:*.png=00;35:*.tif=00;35:
CVS_RSH=ssh
G_BROKEN_FILENAMES=1
SSH_ASKPASS=/usr/libexec/openssh/gnome-ssh-askpass
KDEDIRS=/usr
KDE_IS_PRELINKED=1
LESSOPEN=||/usr/bin/lesspipe.sh %s
MODULESHOME=/usr/share/Modules
MODULEPATH=/usr/share/Modules/modulefiles:/etc/modulefiles
LOADEDMODULES=
QTDIR=/usr/lib64/qt-3.3
QTINC=/usr/lib64/qt-3.3/include
QTLIB=/usr/lib64/qt-3.3/lib
LM_LICENSE_FILE=2700@lsncku:1717@lsncku:5280@lsnchu:5280@lsncku:5280@lscic:26585@lsncku:26585@lscic
SYNOPSYS_LC_ROOT=/usr/cad/synopsys/lc/cur
SYNTHESIS=/usr/cad/synopsys/synthesis/cur
SYN_MAN_DIR=/usr/cad/synopsys/synthesis/cur/doc/syn/man
MANPATH=/usr/cad/synopsys/synthesis/cur/doc/syn/man
installdir=/usr/cad/synopsys/hspice/cur/hspice
ARCH=linux64
CMIARCH=RH_64
mraarch=linux_64
TMIARCH=RH_64
HSP_HOME=/usr/cad/synopsys/hspice/cur/hspice
SNPS_PLATFORM=linux64
HSP_GCC=/usr/cad/synopsys/hspice/cur/hspice/GNU/linux64/gcc/bin/gcc -m64 
SNPS_64=1
HSP_GCC_VERSION=5.2.0
LD_LIBRARY_PATH=/usr/local/systemc/cur/lib-linux64::/usr/cad/cadence/CTOS/cur/tools.lnx86/lib:/usr/cad/cadence/MMSIM/cur/tools/lib:/usr/cad/cadence/IC/cur/tools/lib:/usr/cad/cadence/INCISIV/cur/tools/lib/64bit:/usr/cad/cadence/INCISIV/cur/tools/lib:/usr/cad/cadence/INCISIV/cur/tools/vtools/vfault/lib:/usr/cad/cadence/EDI/cur//tools/tlfUtil/lib:/usr/cad/synopsys/verdi/cur/share/PLI/IUS/LINUX64/:/usr/cad/synopsys/hspice/cur/hspice/linux64/interfaces
CDS_LOAD_ENV=CSF
Laker_TCL_L3=1
Laker_TCL_ToolBox=1
PRIMERAIL=/usr/cad/synopsys/primerail/cur
PRIMETIME=/usr/cad/synopsys/primetime/cur
SHLIB_PATH=/usr/cad/synopsys/verdi/cur/share/PLI/IUS/LINUX64
ENCOUNTER=/usr/cad/cadence/EDI/cur/tools/fe
CDS_AUTO_64BIT=ALL
CDS_Netlisting_Mode=Analog
MGC_HOME=/usr/cad/mentor/calibre/cur
MGC_TMPDIR=/tmp
MGC_LOCATION_MAP=NO_MAP
SYNTEST_LIB_PATH=/usr/cad/syntest/syntest/cur/TurboBSD/lib
SYNTEST=/usr/cad/syntest/syntest/cur/TurboScan
SYNTEST_TMP=.
_IRUNROOT_=/usr/cad/cadence/INCISIV/cur/tools
CDS_ARCH=lnx86
NCRUNMODE=ncverilog:./INCA_libs/irun.lnx8664.15.20.nc
IRUNBATCH=FALSE
IMPERAS_PORT_FILE=.vsp_ovp_gdb_port
TCL_LIBRARY=/usr/cad/cadence/INCISIV/cur/tools/inca/files/tcl/library
Runtime command line arguments:
argv[0]=ncverilog
argv[1]=test_tb.v
argv[2]=+access+r
94 profile - 100
          CPU/Mem usage: 0.030 sys,  0.040 user,  99.32M sys,  0.00M vm
95 VC callback profile - scalar:0 vector:0
96 Wed Mar 14 17:07:25 2018
97 pliAppInit
98 FSDB_GATE is disabled.
99 Enable Parallel Dumping.
100 pliAppMiscSet: New Sim Round
101 pliEntryInit
102 LIBSSCORE=found /usr/cad/synopsys/verdi/cur/share/PLI/IUS/LINUX64/libsscore_ius152.so through $LD_LIBRARY_PATH setting.
103 argv[0]: test.fsdb
104 FSDB Dumper for IUS, Release Verdi_N-2017.12, Linux x86_64/64bit, 11/12/2017
105 (C) 1996 - 2017 by Synopsys, Inc.
106 sps_call_fsdbDumpfile at 0 : /home/user2/vlsi18/vlsi1812/lab2/test_tb.v(34)
107 argv[0]: test.fsdb
108 *Verdi* : Create FSDB file 'test.fsdb'
109 sps_call_fsdbDumpvars at 0 : /home/user2/vlsi18/vlsi1812/lab2/test_tb.v(35)
110 *Verdi* : Begin traversing the scopes, layer (0).
111 *Verdi* : End of traversing.
112 fsdbDumpvars traverse var: profile - 
          CPU/Mem usage: 0.040 sys,  0.040 user,  186.22M sys,  0.00M vm
                   incr: 0.000 sys,  0.000 user,  3.87M sys,  0.00M vm
                   accu: 0.000 sys,  0.000 user,  3.87M sys,  0.00M vm
              accu incr: 0.000 sys,  0.000 user,  3.87M sys,  0.00M vm

          Count usage: 11 var,  8 idcode,  8 callback
                 incr: 11 var,  8 idcode,  8 callback
                 accu: 11 var,  8 idcode,  8 callback
            accu incr: 11 var,  8 idcode,  8 callback
113 VC callback profile - scalar:0 vector:0
114 Wed Mar 14 17:07:25 2018
115 fsdbDumpvars: profile - 
          CPU/Mem usage: 0.040 sys,  0.040 user,  187.28M sys,  0.00M vm
                   incr: 0.000 sys,  0.000 user,  1.05M sys,  0.00M vm
                   accu: 0.000 sys,  0.000 user,  4.93M sys,  0.00M vm
              accu incr: 0.000 sys,  0.000 user,  1.05M sys,  0.00M vm

          Count usage: 11 var,  8 idcode,  8 callback
                 incr: 0 var,  0 idcode,  0 callback
                 accu: 11 var,  8 idcode,  8 callback
            accu incr: 0 var,  0 idcode,  0 callback
116 VC callback profile - scalar:7 vector:1
117 Wed Mar 14 17:07:25 2018
118 End of simulation at 6000
119 VC callback profile - scalar:29 vector:2
120 Wed Mar 14 17:07:25 2018
121 Begin FSDB profile info:
122 FSDB Writer : bc1(29) bcn(2) mtf/stf(0/0)
FSDB Writer elapsed time : flush(0.004640) io wait(0.000000) theadpool wait(0.000000) target functin(0.000000)
FSDB Writer cpu time : MT Compression : 0
123 End FSDB profile info
124 Parallel profile    -  Flush:3 Expand:0 ProduceWait:0 ConsumerWait:0 BlockUsed:0
125                        ProduceTime:0.098383277 ConsumerTime:0.000000000 Buffer:64MB
126 SimExit
127 Sim process exit
