Command Line: /usr/cad/synopsys/laker/cur/platform/LINUX64/bin/laker
uname(Linux vlsicad9 2.6.32-696.28.1.el6.x86_64 #1 SMP Wed May 9 23:09:02 UTC 2018 x86_64)
source /usr/cad/synopsys/laker/cur/gift/gift.tcl
lakerOpenDesign -lib Lab9 -cell xor -mode edit
lakerSetActiveLayer -layerName DIFF -purpose drawing
Original port(9189) is currently in use. Please open another free port(14159) or use Port number 14159 to communicate with Calibre RVE.
lakerCalibreDRC
//  Calibre Interactive - DRC  v2017.4_19.14    Tue Nov 7 11:38:09 PST 2017
//
//        Copyright Mentor Graphics Corporation 1996-2017
//                       All Rights Reserved.
//   THIS WORK CONTAINS TRADE SECRET AND PROPRIETARY INFORMATION
//      WHICH IS THE PROPERTY OF MENTOR GRAPHICS CORPORATION
//        OR ITS LICENSORS AND IS SUBJECT TO LICENSE TERMS.
//
//  The registered trademark Linux is used pursuant to a sublicense from LMI, the
//  exclusive licensee of Linus Torvalds, owner of the mark on a world-wide basis.
//
//  Mentor Graphics software executing under x86-64 Linux
//
//  Running on Linux vlsicad9 2.6.32-696.28.1.el6.x86_64 #1 SMP Wed May 9 23:09:02 UTC 2018 x86_64
//  64 bit virtual addressing enabled
//
//  Starting time: Mon Jun  4 15:25:25 2018
//

New connection accepted, fd = 20

//  calinteractive license acquired.
//  Calibre Interactive authorized.

Received from RVE: [ mgc_rve_export_layout "xor" "GDSII" "/home/user2/vlsi18/vlsi1812/Lab9/Lab9/xor.calibre.db" ]
Transferring library (Lab9) to GDSII (/home/user2/vlsi18/vlsi1812/Lab9/Lab9/xor.calibre.db) ...
	Please wait a moment...
lakerExportStream -file xor.calibre.db -lib Lab9 -topCell {xor} -case Preserve -label Preserve -maxVerti 1024 -mergeRefLib 1 -OutAbsCell Off -SmashMCell ExpCont -IoLayerMapMode Map -filterText 0 -filterAllSysLayer {All} -reduceMCell 0 -reduceDevice 0 -convertPolyText 0 -pathToPolygon 0 -purposeMap 1 -keepPCell 0 -designIntention 0 -keepLastOpts 1
The Export Stream process has been completed.
Total #Fatal = 0, #Warn = 0
For more information, please check (gdsOut.log) and (gdsOut.err) files.
No illegal shape is filtered since the option "Filter-Illegal-Shapes" is turned off.
Sent to RVE: [ layout_done 1 ]
New connection accepted, fd = 23

Received from RVE: [ mgc_rve_rfile "/home/user2/vlsi18/vlsi1812/Lab9/Lab9/query_results" ]
The zoom-in area is re-adjusted to minimum size that can be displayed.
The displayed area is: (25.361,-3.245) (25.553,-3.159).
The zoom-in area is too small to zoom in.
lakerZoomOut
lakerZoomOut
lakerZoomOut
lakerZoomOut
lakerZoomOut
lakerZoomOut
lakerZoomOut
lakerZoomOut
lakerZoomOut
lakerZoomIn
lakerZoomIn
lakerZoomIn
lakerZoomIn
lakerZoomIn
lakerZoomIn
lakerChangeSelMode -mode DevObj
lakerChangeSelMode -mode Vertex
lakerChangeSelMode -mode DevObj
lakerSingleSel
lakerDeleteObj
lakerSingleSel -point (25.478,-3.241) -traversedist 0.008
lakerChangeSelMode -mode Vertex
Received from RVE: [ mgc_rve_rfile "/home/user2/vlsi18/vlsi1812/Lab9/Lab9/query_results" ]
lakerSingleSel
lakerZoomOut
lakerZoomOut
lakerZoomOut
lakerZoomOut
lakerZoomOut
lakerZoomIn
lakerZoomIn
lakerZoomIn
lakerZoomIn
lakerSingleSel
lakerChangeSelMode -mode DevObj
lakerMoveObj -ignoreNet 0 -refPoint (-0.855,3.72) -offsetPoint (-0.855,4.075)
lakerChangeSelMode -mode Vertex
lakerUndo
lakerPanUp
lakerPanUp
lakerCreateContact -point (-1.21,4.1) -device M1_M2 -routeStatus fixed -param {M1_M2 1  1  0.25 0.25 0.27 0.27 0.1 0.1 0.125 0.125 0 0.0 0.0 0.0 0.0 0.0 0.0 0 0  } -justify CenterCenter -viaGroup MCell
lakerPanDown
lakerPanDown
lakerSingleSel
lakerSingleSel
lakerChangeSelMode -mode DevObj
lakerMoveObj -ignoreNet 0 -refPoint (-0.925,3.67) -offsetPoint (-0.925,3.425)
lakerChangeSelMode -mode Vertex
lakerChangeSelMode -mode DevObj
lakerChangeSelMode -mode Vertex
lakerDeleteObj
lakerSingleSel -point (-0.897,3.42) -traversedist 0.008
lakerSingleSel
lakerChangeSelMode -mode DevObj
lakerMoveObj -ignoreNet 0 -refPoint (-1.155,4.025) -offsetPoint (-0.99,4.025)
lakerChangeSelMode -mode Vertex
lakerChangeSelMode -mode DevObj
lakerMoveObj -ignoreNet 0 -refPoint (-0.895,4.025) -offsetPoint (-0.895,3.51)
lakerChangeSelMode -mode Vertex
lakerChangeSelMode -mode DevObj
lakerMoveObj -ignoreNet 0 -refPoint (-0.895,3.605) -offsetPoint (-0.89,3.605)
lakerChangeSelMode -mode Vertex
Received from RVE: [ mgc_rve_export_layout "xor" "GDSII" "/home/user2/vlsi18/vlsi1812/Lab9/Lab9/xor.calibre.db" ]
Transferring library (Lab9) to GDSII (/home/user2/vlsi18/vlsi1812/Lab9/Lab9/xor.calibre.db) ...
	Please wait a moment...
lakerExportStream -file xor.calibre.db -lib Lab9 -topCell {xor} -case Preserve -label Preserve -maxVerti 1024 -mergeRefLib 1 -OutAbsCell Off -SmashMCell ExpCont -IoLayerMapMode Map -filterText 0 -filterAllSysLayer {All} -reduceMCell 0 -reduceDevice 0 -convertPolyText 0 -pathToPolygon 0 -purposeMap 1 -keepPCell 0 -designIntention 0 -keepLastOpts 1
The Export Stream process has been completed.
Total #Fatal = 0, #Warn = 0
For more information, please check (gdsOut.log) and (gdsOut.err) files.
No illegal shape is filtered since the option "Filter-Illegal-Shapes" is turned off.
Sent to RVE: [ layout_done 1 ]
Received from RVE: [ mgc_rve_delete_markers "" 1 ]
New connection accepted, fd = 23

Received from RVE: [ mgc_rve_rfile "/home/user2/vlsi18/vlsi1812/Lab9/Lab9/query_results" ]
lakerSingleSel -point (-22.342,3.464) -traversedist 0.004
lakerZoomOut
lakerZoomOut
lakerZoomIn
lakerZoomIn
lakerSingleSel
lakerChangeSelMode -mode DevObj
lakerMoveObj -ignoreNet 0 -refPoint (-22.015,3.475) -offsetPoint (-22.26,3.475)
lakerChangeSelMode -mode Vertex
lakerChangeSelMode -mode DevObj
lakerChangeSelMode -mode Vertex
lakerDeleteObj
lakerZoomOut
lakerZoomOut
lakerSingleSel
lakerSingleSel
lakerSingleSel
lakerStretchObj -refPoint (-22.225,3.46) -ignoreNet 0 -offsetPoint (-20.955,3.46)
lakerCreateContact -point (-22.15,3.37) -device M1_M2 -routeStatus fixed -param {M1_M2 1  1  0.25 0.25 0.27 0.27 0.1 0.1 0.125 0.125 0 0.0 0.0 0.0 0.0 0.0 0.0 0 0  } -justify CenterCenter -viaGroup MCell
lakerSingleSel
lakerSingleSel
lakerStretchObj -refPoint (-20.96,3.475) -ignoreNet 0 -offsetPoint (-22.25,3.475)
Received from RVE: [ mgc_rve_rfile "/home/user2/vlsi18/vlsi1812/Lab9/Lab9/query_results" ]
lakerSingleSel
lakerZoomOut
lakerZoomOut
lakerZoomOut
lakerZoomOut
Received from RVE: [ mgc_rve_export_layout "xor" "GDSII" "/home/user2/vlsi18/vlsi1812/Lab9/Lab9/xor.calibre.db" ]
Transferring library (Lab9) to GDSII (/home/user2/vlsi18/vlsi1812/Lab9/Lab9/xor.calibre.db) ...
	Please wait a moment...
lakerExportStream -file xor.calibre.db -lib Lab9 -topCell {xor} -case Preserve -label Preserve -maxVerti 1024 -mergeRefLib 1 -OutAbsCell Off -SmashMCell ExpCont -IoLayerMapMode Map -filterText 0 -filterAllSysLayer {All} -reduceMCell 0 -reduceDevice 0 -convertPolyText 0 -pathToPolygon 0 -purposeMap 1 -keepPCell 0 -designIntention 0 -keepLastOpts 1
The Export Stream process has been completed.
Total #Fatal = 0, #Warn = 0
For more information, please check (gdsOut.log) and (gdsOut.err) files.
No illegal shape is filtered since the option "Filter-Illegal-Shapes" is turned off.
Sent to RVE: [ layout_done 1 ]
Received from RVE: [ mgc_rve_delete_markers "" 1 ]
New connection accepted, fd = 23

Received from RVE: [ mgc_rve_rfile "/home/user2/vlsi18/vlsi1812/Lab9/Lab9/query_results" ]
lakerSingleSel
lakerZoomOut
lakerZoomOut
lakerSingleSel
lakerStretchObj -refPoint (3.495,3.73) -ignoreNet 0 -offsetPoint (4.155,3.73)
lakerSingleSel
lakerChangeSelMode -mode DevObj
lakerMoveObj -ignoreNet 0 -refPoint (3.76,3.72) -offsetPoint (3.76,3.26)
lakerChangeSelMode -mode Vertex
lakerChangeSelMode -mode DevObj
lakerChangeSelMode -mode Vertex
lakerDeleteObj
lakerSingleSel
lakerCreateContact -point (3.59,3.62) -device M1_M2 -routeStatus fixed -param {M1_M2 1  1  0.25 0.25 0.27 0.27 0.1 0.1 0.125 0.125 0 0.0 0.0 0.0 0.0 0.0 0.0 0 0  } -justify CenterCenter -viaGroup MCell
lakerSingleSel
lakerStretchObj -refPoint (4.165,3.745) -ignoreNet 0 -offsetPoint (3.505,3.745)
Received from RVE: [ mgc_rve_rfile "/home/user2/vlsi18/vlsi1812/Lab9/Lab9/query_results" ]
lakerSingleSel
lakerZoomOut
lakerZoomOut
lakerSingleSel
lakerChangeSelMode -mode DevObj
lakerMoveObj -ignoreNet 0 -refPoint (1.095,6.145) -offsetPoint (1.095,6.6)
lakerChangeSelMode -mode Vertex
lakerChangeSelMode -mode DevObj
lakerChangeSelMode -mode Vertex
lakerDeleteObj
lakerSingleSel
lakerStretchObj -refPoint (1.37,6.225) -ignoreNet 0 -offsetPoint (0.67,6.225)
lakerCreateContact -point (1.025,6.06) -device M1_M2 -routeStatus fixed -param {M1_M2 1  1  0.25 0.25 0.27 0.27 0.1 0.1 0.125 0.125 0 0.0 0.0 0.0 0.0 0.0 0.0 0 0  } -justify CenterCenter -viaGroup MCell
lakerSingleSel
lakerSingleSel
lakerStretchObj -refPoint (0.67,6.105) -ignoreNet 0 -offsetPoint (1.37,6.105)
Received from RVE: [ mgc_rve_export_layout "xor" "GDSII" "/home/user2/vlsi18/vlsi1812/Lab9/Lab9/xor.calibre.db" ]
Transferring library (Lab9) to GDSII (/home/user2/vlsi18/vlsi1812/Lab9/Lab9/xor.calibre.db) ...
	Please wait a moment...
lakerExportStream -file xor.calibre.db -lib Lab9 -topCell {xor} -case Preserve -label Preserve -maxVerti 1024 -mergeRefLib 1 -OutAbsCell Off -SmashMCell ExpCont -IoLayerMapMode Map -filterText 0 -filterAllSysLayer {All} -reduceMCell 0 -reduceDevice 0 -convertPolyText 0 -pathToPolygon 0 -purposeMap 1 -keepPCell 0 -designIntention 0 -keepLastOpts 1
The Export Stream process has been completed.
Total #Fatal = 0, #Warn = 0
For more information, please check (gdsOut.log) and (gdsOut.err) files.
No illegal shape is filtered since the option "Filter-Illegal-Shapes" is turned off.
Sent to RVE: [ layout_done 1 ]
Received from RVE: [ mgc_rve_delete_markers "" 1 ]
New connection accepted, fd = 23

Received from RVE: [ mgc_rve_rfile "/home/user2/vlsi18/vlsi1812/Lab9/Lab9/query_results" ]
lakerSingleSel
lakerZoomOut
lakerZoomOut
lakerZoomIn
Received from RVE: [ mgc_rve_rfile "/home/user2/vlsi18/vlsi1812/Lab9/Lab9/query_results" ]
lakerSingleSel
lakerZoomOut
lakerZoomOut
Received from RVE: [ mgc_rve_rfile "/home/user2/vlsi18/vlsi1812/Lab9/Lab9/query_results" ]
Received from RVE: [ mgc_rve_rfile "/home/user2/vlsi18/vlsi1812/Lab9/Lab9/query_results" ]
lakerSingleSel
lakerZoomOut
lakerZoomOut
lakerZoomIn
lakerZoomIn
lakerZoomOut
lakerZoomIn
lakerSingleSel
lakerStretchObj -refPoint (-2.095,4.945) -ignoreNet 0 -offsetPoint (-1.975,4.945)
lakerSingleSel
lakerSingleSel
lakerAreaSel -point (-2.482,4.885) (-2.165,4.895)
lakerSingleSel
lakerSingleSel
lakerStretchObj -refPoint (-2.485,4.91) -ignoreNet 0 -offsetPoint (-1.66,4.91)
lakerStretchObj -refPoint (-1.66,4.995) -ignoreNet 0 -offsetPoint (-2.485,4.995)
lakerZoomOut
lakerZoomOut
lakerZoomOut
lakerZoomOut
lakerZoomOut
lakerZoomIn
lakerZoomIn
lakerZoomIn
lakerSingleSel
lakerSingleSel
lakerSingleSel
lakerPanRight
lakerPanLeft
lakerSingleSel
Received from RVE: [ mgc_rve_rfile "/home/user2/vlsi18/vlsi1812/Lab9/Lab9/query_results" ]
lakerSingleSel
lakerZoomIn
lakerZoomOut
lakerZoomOut
lakerZoomOut
lakerZoomOut
lakerZoomOut
lakerZoomOut
lakerZoomIn
lakerZoomIn
lakerZoomIn
lakerZoomIn
lakerSingleSel
lakerSingleSel
lakerSingleSel
lakerStretchObj -refPoint (-1.675,5.46) -ignoreNet 0 -offsetPoint (-1.675,5.175)
lakerSingleSel
lakerStretchObj -refPoint (-1.715,4.585) -ignoreNet 0 -offsetPoint (-1.715,4.89)
Received from RVE: [ mgc_rve_export_layout "xor" "GDSII" "/home/user2/vlsi18/vlsi1812/Lab9/Lab9/xor.calibre.db" ]
Transferring library (Lab9) to GDSII (/home/user2/vlsi18/vlsi1812/Lab9/Lab9/xor.calibre.db) ...
	Please wait a moment...
lakerExportStream -file xor.calibre.db -lib Lab9 -topCell {xor} -case Preserve -label Preserve -maxVerti 1024 -mergeRefLib 1 -OutAbsCell Off -SmashMCell ExpCont -IoLayerMapMode Map -filterText 0 -filterAllSysLayer {All} -reduceMCell 0 -reduceDevice 0 -convertPolyText 0 -pathToPolygon 0 -purposeMap 1 -keepPCell 0 -designIntention 0 -keepLastOpts 1
The Export Stream process has been completed.
Total #Fatal = 0, #Warn = 0
For more information, please check (gdsOut.log) and (gdsOut.err) files.
No illegal shape is filtered since the option "Filter-Illegal-Shapes" is turned off.
Sent to RVE: [ layout_done 1 ]
Received from RVE: [ mgc_rve_delete_markers "" 1 ]
New connection accepted, fd = 23

Received from RVE: [ mgc_rve_rfile "/home/user2/vlsi18/vlsi1812/Lab9/Lab9/query_results" ]
lakerSingleSel
lakerSingleSel
lakerStretchObj -refPoint (-2.775,5.525) -ignoreNet 0 -offsetPoint (-2.775,5.285)
lakerZoomOut
lakerSingleSel
lakerUndo
lakerSingleSel
lakerSingleSel
lakerSingleSel
lakerStretchObj -refPoint (-2.945,4.59) -ignoreNet 0 -offsetPoint (-2.945,5.845)
lakerSingleSel
lakerSingleSel
lakerStretchObj -refPoint (-2.48,5.025) -ignoreNet 0 -offsetPoint (-1.71,5.025)
lakerSingleSel
lakerSingleSel
lakerSingleSel
lakerStretchObj -refPoint (-2.745,5.52) -ignoreNet 0 -offsetPoint (-2.745,4.585)
lakerSingleSel
lakerStretchObj -refPoint (-2.44,5.52) -ignoreNet 0 -offsetPoint (-2.44,4.76)
lakerSingleSel
lakerUndo
lakerUndo
lakerSingleSel
lakerStretchObj -refPoint (-2.935,5.85) -ignoreNet 0 -offsetPoint (-2.935,5.38)
lakerSingleSel
lakerStretchObj -refPoint (-1.345,5.17) -ignoreNet 0 -offsetPoint (-1.345,5.14)
lakerSingleSel
lakerStretchObj -refPoint (-1.45,4.875) -ignoreNet 0 -offsetPoint (-1.45,4.9)
lakerSingleSel
lakerStretchObj -refPoint (-1.715,5.015) -ignoreNet 0 -offsetPoint (-2.21,5.015)
Received from RVE: [ mgc_rve_export_layout "xor" "GDSII" "/home/user2/vlsi18/vlsi1812/Lab9/Lab9/xor.calibre.db" ]
Transferring library (Lab9) to GDSII (/home/user2/vlsi18/vlsi1812/Lab9/Lab9/xor.calibre.db) ...
	Please wait a moment...
lakerExportStream -file xor.calibre.db -lib Lab9 -topCell {xor} -case Preserve -label Preserve -maxVerti 1024 -mergeRefLib 1 -OutAbsCell Off -SmashMCell ExpCont -IoLayerMapMode Map -filterText 0 -filterAllSysLayer {All} -reduceMCell 0 -reduceDevice 0 -convertPolyText 0 -pathToPolygon 0 -purposeMap 1 -keepPCell 0 -designIntention 0 -keepLastOpts 1
The Export Stream process has been completed.
Total #Fatal = 0, #Warn = 0
For more information, please check (gdsOut.log) and (gdsOut.err) files.
No illegal shape is filtered since the option "Filter-Illegal-Shapes" is turned off.
Sent to RVE: [ layout_done 1 ]
Received from RVE: [ mgc_rve_delete_markers "" 1 ]
lakerSingleSel
New connection accepted, fd = 23

Received from RVE: [ mgc_rve_rfile "/home/user2/vlsi18/vlsi1812/Lab9/Lab9/query_results" ]
lakerSingleSel
lakerZoomOut
lakerZoomOut
lakerZoomIn
lakerSingleSel
lakerStretchObj -refPoint (-2.095,5.01) -ignoreNet 0 -offsetPoint (-1.675,5.01)
lakerSingleSel
lakerSingleSel
lakerSingleSel
lakerSingleSel
lakerSingleSel
lakerSingleSel
lakerStretchObj -refPoint (-2.21,5.03) -ignoreNet 0 -offsetPoint (-1.81,5.03)
lakerSingleSel
lakerZoomOut
lakerZoomOut
lakerZoomOut
lakerSingleSel
lakerCreateTransistor -point (-1.75,8.08) -useMaskResolution 0 -device PMOS -gates 4 -type parallel -contType MaxContact -xEnc 0.08 -yEnc 0.08 -xConSpace 0.25 -yConSpace 0.25 -coWidth 0.23 0.23 -co2Gate 0.14 -contAlign center -xCo2OdEnc 0.12 -yCo2OdEnc 0.12 -param {patternA 1.0 0.18 asIs 0.0 } {patternA 1.0 0.18 bottom 0.0 } {patternA 1.0 0.18 bottom 0.0 } {patternA 1.0 0.18 bottom 0.0 } -optLayerRepeatPattern { } -traitRepeatPattern { } -layerSetting { PIMP drawing enable none }
lakerSingleSel
lakerChangeSelMode -mode DevObj
lakerChangeSelMode -mode Vertex
lakerDeleteObj
lakerSingleSel -point (-2.141,4.619) -traversedist 0.112
lakerChangeSelMode -mode DevObj
lakerChangeSelMode -mode Vertex
lakerDeleteObj
lakerSingleSel
lakerAreaSel -point (-2.04,4.139) (-1.582,4.73)
lakerSingleSel
lakerChangeSelMode -mode DevObj
lakerChangeSelMode -mode Vertex
lakerDeleteObj
lakerSingleSel
lakerChangeSelMode -mode DevObj
lakerChangeSelMode -mode Vertex
lakerDeleteObj
lakerSingleSel
lakerSingleSel
lakerChangeSelMode -mode DevObj
lakerChangeSelMode -mode Vertex
lakerDeleteObj
lakerChangeSelMode -mode DevObj
lakerSingleSel -point (-2.096,5.613) -traversedist 0.112
lakerDeleteObj
lakerSingleSel
lakerDeleteObj
lakerSingleSel
lakerDeleteObj
lakerSingleSel
lakerDeleteObj
lakerChangeSelMode -mode Vertex
lakerUndo
lakerUndo
lakerUndo
lakerUndo
lakerUndo
lakerSingleSel
lakerZoomOut
lakerPanDown
lakerZoomIn
lakerZoomOut
lakerPanUp
lakerPanDown
lakerZoomIn
lakerPanUp
lakerZoomOut
lakerZoomOut
lakerZoomIn
lakerZoomIn
lakerPanDown
lakerPanDown
lakerZoomIn
lakerPanRight
lakerZoomOut
lakerPanLeft
lakerZoomOut
lakerPanUp
lakerZoomOut
lakerZoomIn
lakerZoomIn
lakerPanUp
lakerZoomOut
lakerZoomOut
lakerZoomIn
lakerZoomIn
lakerSingleSel
lakerChangeSelMode -mode DevObj
lakerChangeSelMode -mode Vertex
lakerDeleteObj
lakerSingleSel
lakerChangeSelMode -mode DevObj
lakerChangeSelMode -mode Vertex
lakerDeleteObj
lakerSingleSel -point (-2.003,5.523) -traversedist 0.112
lakerChangeSelMode -mode DevObj
lakerChangeSelMode -mode Vertex
lakerDeleteObj
lakerChangeSelMode -mode DevObj
lakerSingleSel
lakerDeleteObj
lakerSingleSel
lakerDeleteObj
lakerSingleSel
lakerDeleteObj
lakerSingleSel
lakerDeleteObj
lakerSingleSel
lakerDeleteObj
lakerSingleSel
lakerDeleteObj
lakerSingleSel
lakerDeleteObj
lakerChangeSelMode -mode Vertex
lakerSingleSel
lakerChangeSelMode -mode DevObj
lakerChangeSelMode -mode Vertex
lakerSingleSel
lakerAreaSel -point (-2.46,8.315) (2.607,9.118)
lakerChangeSelMode -mode DevObj
lakerChangeSelMode -mode Vertex
lakerChangeSelMode -mode DevObj
lakerChangeSelMode -mode Vertex
lakerSingleSel -point (2.016,8.582) -traversedist 0.112
lakerChangeSelMode -mode DevObj
lakerSingleSel
lakerMoveObj -ignoreNet 0 -refPoint (1.59,8.525) -offsetPoint (1.59,4.855)
lakerChangeSelMode -mode Vertex
lakerChangeSelMode -mode DevObj
lakerSingleSel
lakerMoveObj -ignoreNet 0 -refPoint (1.065,4.63) -offsetPoint (-0.395,4.63)
lakerZoomOut
lakerZoomIn
lakerZoomIn
lakerSingleSel
lakerChangeSelMode -mode Vertex
lakerSingleSel
lakerSingleSel
lakerStretchObj -refPoint (-2.92,5.365) -ignoreNet 0 -offsetPoint (-2.92,4.47)
lakerZoomOut
lakerZoomOut
lakerZoomIn
lakerSingleSel
lakerChangeSelMode -mode DevObj
lakerMoveObj -ignoreNet 0 -refPoint (3.7,5.96) -offsetPoint (-0.275,5.96)
lakerChangeSelMode -mode Vertex
lakerZoomOut
lakerZoomIn
lakerZoomIn
lakerPanRight
lakerZoomIn
lakerSingleSel
lakerChangeSelMode -mode DevObj
lakerChangeSelMode -mode Vertex
lakerChangeSelMode -mode DevObj
lakerMoveObj -ignoreNet 0 -refPoint (-0.21,5.79) -offsetPoint (-0.075,5.79)
lakerChangeSelMode -mode Vertex
lakerChangeSelMode -mode DevObj
lakerMoveObj -ignoreNet 0 -refPoint (-0.05,5.795) -offsetPoint (-0.19,5.795)
lakerChangeSelMode -mode Vertex
lakerZoomOut
lakerZoomOut
lakerPanDown
lakerSingleSel
lakerStretchObj -refPoint (-0.725,3.655) -ignoreNet 0 -offsetPoint (-0.845,3.655)
lakerUndo
lakerSingleSel
lakerSingleSel
lakerChangeSelMode -mode DevObj
lakerMoveObj -ignoreNet 0 -refPoint (-0.99,3.735) -offsetPoint (-3.94,3.735)
lakerChangeSelMode -mode Vertex
lakerChangeSelMode -mode DevObj
lakerChangeSelMode -mode Vertex
lakerSingleSel
lakerSingleSel
lakerStretchObj -refPoint (-0.655,3.755) -ignoreNet 0 -offsetPoint (-4.51,3.755)
lakerSingleSel
lakerChangeSelMode -mode DevObj
lakerMoveObj -ignoreNet 0 -refPoint (-0.825,3.755) -offsetPoint (-2.765,3.755)
lakerChangeSelMode -mode Vertex
lakerChangeSelMode -mode DevObj
lakerMoveObj -ignoreNet 0 -refPoint (-0.98,3.68) -offsetPoint (-3.395,3.68)
lakerChangeSelMode -mode Vertex
lakerSingleSel
lakerChangeSelMode -mode DevObj
lakerMoveObj -ignoreNet 0 -refPoint (-0.845,3.71) -offsetPoint (-4.24,3.71)
lakerChangeSelMode -mode Vertex
lakerSingleSel
lakerSingleSel
lakerSingleSel
lakerSingleSel
lakerSingleSel
lakerPanDown
lakerPanDown
lakerPanUp
lakerPanUp
lakerPanUp
lakerZoomOut
lakerZoomIn
lakerZoomIn
lakerZoomIn
lakerSingleSel
lakerSingleSel
lakerStretchObj -refPoint (-2.59,5.72) -ignoreNet 0 -offsetPoint (-2.59,5.4)
lakerSingleSel
lakerSingleSel
lakerStretchObj -refPoint (-2.605,5.39) -ignoreNet 0 -offsetPoint (-2.605,5.59)
lakerSingleSel
lakerChangeSelMode -mode DevObj
lakerMoveObj -ignoreNet 0 -refPoint (-2.2,5.52) -offsetPoint (-2.21,5.52)
lakerChangeSelMode -mode Vertex
lakerChangeSelMode -mode DevObj
lakerMoveObj -ignoreNet 0 -refPoint (-2.315,5.475) -offsetPoint (-2.315,5.48)
lakerChangeSelMode -mode Vertex
lakerChangeSelMode -mode DevObj
lakerMoveObj -ignoreNet 0 -refPoint (-2.305,5.485) -offsetPoint (-2.3,5.485)
lakerChangeSelMode -mode Vertex
lakerZoomOut
lakerPanDown
lakerSingleSel
lakerSingleSel
lakerChangeSelMode -mode DevObj
lakerMoveObj -ignoreNet 0 -refPoint (-0.625,3.39) -offsetPoint (-1.945,3.39)
lakerChangeSelMode -mode Vertex
lakerSingleSel
lakerSingleSel
lakerSingleSel
lakerChangeSelMode -mode DevObj
lakerMoveObj -ignoreNet 0 -refPoint (-3.785,3.655) -offsetPoint (-2.135,3.655)
lakerChangeSelMode -mode Vertex
lakerChangeSelMode -mode DevObj
lakerChangeSelMode -mode Vertex
lakerSingleSel
lakerChangeSelMode -mode DevObj
lakerZoomIn
lakerMoveObj -ignoreNet 0 -refPoint (-4.26,3.695) -offsetPoint (-1.565,3.695)
lakerChangeSelMode -mode Vertex
lakerChangeSelMode -mode DevObj
lakerMoveObj -ignoreNet 0 -refPoint (-1.565,3.695) -offsetPoint (-2.155,3.695)
lakerChangeSelMode -mode Vertex
lakerChangeSelMode -mode DevObj
lakerMoveObj -ignoreNet 0 -refPoint (-2.155,3.695) -offsetPoint (-2.155,3.705)
lakerChangeSelMode -mode Vertex
lakerZoomOut
lakerSingleSel
lakerSingleSel
lakerStretchObj -refPoint (-5.025,3.7) -ignoreNet 0 -offsetPoint (-1.96,3.7)
lakerZoomIn
lakerZoomOut
lakerZoomOut
lakerZoomOut
lakerZoomIn
lakerSingleSel
lakerChangeSelMode -mode DevObj
lakerChangeSelMode -mode Vertex
lakerSingleSel
lakerSingleSel
lakerChangeSelMode -mode DevObj
lakerChangeSelMode -mode Vertex
lakerSingleSel
lakerChangeSelMode -mode DevObj
lakerChangeSelMode -mode Vertex
lakerSingleSel
lakerChangeSelMode -mode DevObj
lakerChangeSelMode -mode Vertex
lakerSingleSel
lakerChangeSelMode -mode DevObj
lakerMoveObj -ignoreNet 0 -refPoint (1.355,2.3) -offsetPoint (-1.28,2.3)
lakerChangeSelMode -mode Vertex
lakerSingleSel
lakerStretchObj -refPoint (1.345,6.2) -ignoreNet 0 -offsetPoint (-2.155,6.2)
lakerSingleSel
lakerChangeSelMode -mode DevObj
lakerMoveObj -ignoreNet 0 -refPoint (1.14,6.12) -offsetPoint (-1.82,6.12)
lakerChangeSelMode -mode Vertex
lakerZoomOut
lakerZoomIn
lakerZoomIn
lakerPanUp
lakerChangeSelMode -mode DevObj
lakerChangeSelMode -mode Vertex
lakerSingleSel
lakerChangeSelMode -mode DevObj
lakerMoveObj -ignoreNet 0 -refPoint (-1.235,3.335) -offsetPoint (-1.25,3.335)
lakerChangeSelMode -mode Vertex
lakerSingleSel
lakerChangeSelMode -mode DevObj
lakerMoveObj -ignoreNet 0 -refPoint (-1.71,6.13) -offsetPoint (-1.42,6.13)
lakerChangeSelMode -mode Vertex
lakerSingleSel
lakerSingleSel
lakerSingleSel
lakerChangeSelMode -mode DevObj
lakerMoveObj -ignoreNet 0 -refPoint (1.215,6.23) -offsetPoint (-1.455,6.23)
lakerChangeSelMode -mode Vertex
lakerSingleSel
lakerStretchObj -refPoint (-2.13,6.215) -ignoreNet 0 -offsetPoint (-1.3,6.215)
lakerSingleSel
lakerZoomOut
lakerPanDown
lakerSingleSel
lakerChangeSelMode -mode DevObj
lakerChangeSelMode -mode Vertex
lakerSingleSel
lakerChangeSelMode -mode DevObj
lakerMoveObj -ignoreNet 0 -refPoint (3.42,2.245) -offsetPoint (-0.565,2.245)
lakerChangeSelMode -mode Vertex
lakerZoomOut
lakerPanUp
lakerZoomIn
lakerPanDown
lakerPanDown
lakerZoomIn
lakerPanUp
lakerPanUp
lakerZoomOut
lakerSingleSel
lakerStretchObj -refPoint (3.545,3.645) -ignoreNet 0 -offsetPoint (4.185,3.645)
lakerSingleSel
lakerChangeSelMode -mode DevObj
lakerMoveObj -ignoreNet 0 -refPoint (3.805,3.67) -offsetPoint (2.005,3.67)
lakerChangeSelMode -mode Vertex
lakerChangeSelMode -mode DevObj
lakerMoveObj -ignoreNet 0 -refPoint (1.89,3.77) -offsetPoint (-0.32,3.77)
lakerChangeSelMode -mode Vertex
lakerZoomOut
lakerZoomIn
lakerZoomIn
lakerPanDown
lakerPanRight
lakerPanUp
lakerSingleSel
lakerChangeSelMode -mode DevObj
lakerMoveObj -ignoreNet 0 -refPoint (3.6,3.765) -offsetPoint (-0.41,3.765)
lakerChangeSelMode -mode Vertex
lakerSingleSel
lakerSingleSel
lakerStretchObj -refPoint (4.125,3.695) -ignoreNet 0 -offsetPoint (-0.515,3.695)
lakerZoomOut
lakerZoomOut
lakerPanDown
lakerZoomOut
lakerZoomIn
lakerZoomIn
lakerPanDown
lakerChangeSelMode -mode DevObj
1 of selected objects cannot be deleted since the "Delete Shape Vertex" option in Preferences form is off.
lakerChangeSelMode -mode Vertex
lakerSingleSel
lakerChangeSelMode -mode DevObj
1 of selected objects cannot be deleted since the "Delete Shape Vertex" option in Preferences form is off.
lakerChangeSelMode -mode Vertex
lakerChangeSelMode -mode DevObj
1 of selected objects cannot be deleted since the "Delete Shape Vertex" option in Preferences form is off.
lakerChangeSelMode -mode Vertex
lakerChangeSelMode -mode DevObj
1 of selected objects cannot be deleted since the "Delete Shape Vertex" option in Preferences form is off.
lakerChangeSelMode -mode Vertex
lakerSingleSel -point (0.793,-6.49) -traversedist 0.112
lakerChangeSelMode -mode DevObj
lakerSingleSel
lakerDeleteObj
lakerSingleSel
lakerDeleteObj
lakerSingleSel
lakerDeleteObj
lakerSingleSel
lakerDeleteObj
lakerSingleSel
lakerDeleteObj
lakerSingleSel
lakerDeleteObj
lakerSingleSel
lakerDeleteObj
lakerSingleSel
lakerDeleteObj
lakerSingleSel
lakerDeleteObj
lakerSingleSel
lakerDeleteObj
lakerSingleSel
lakerDeleteObj
lakerSingleSel
lakerDeleteObj
lakerSingleSel
lakerDeleteObj
lakerChangeSelMode -mode Vertex
lakerCreateTransistor -point (-3.22,-4.8) -useMaskResolution 0 -device NMOS -gates 4 -type parallel -contType MaxContact -xEnc 0.08 -yEnc 0.08 -xConSpace 0.25 -yConSpace 0.25 -coWidth 0.23 0.23 -co2Gate 0.14 -contAlign center -xCo2OdEnc 0.12 -yCo2OdEnc 0.12 -param {patternA 0.5 0.18 asIs 0.0 } {patternA 0.5 0.18 bottom 0.0 } {patternA 0.5 0.18 bottom 0.0 } {patternA 0.5 0.18 bottom 0.0 } -optLayerRepeatPattern { } -traitRepeatPattern { } -layerSetting { NIMP drawing enable none }
lakerZoomIn
lakerZoomIn
lakerPanLeft
lakerPanLeft
lakerPanLeft
lakerZoomOut
lakerPanUp
lakerPanUp
lakerPanUp
lakerPanUp
lakerPanUp
lakerPanUp
lakerZoomIn
lakerZoomIn
lakerPanDown
lakerPanDown
lakerZoomOut
lakerZoomOut
lakerPanDown
lakerPanDown
lakerPanDown
lakerPanDown
lakerZoomOut
lakerPanDown
lakerZoomIn
lakerPanUp
lakerZoomOut
lakerZoomOut
lakerPanUp
lakerPanDown
lakerZoomOut
lakerZoomIn
lakerZoomIn
lakerPanRight
lakerPanLeft
lakerZoomIn
lakerPanRight
lakerZoomOut
lakerZoomOut
lakerZoomIn
lakerZoomOut
lakerZoomIn
lakerSingleSel
lakerChangeSelMode -mode DevObj
lakerChangeSelMode -mode Vertex
lakerSingleSel
lakerChangeSelMode -mode DevObj
lakerMoveObj -ignoreNet 0 -refPoint (-1.54,-3.21) -offsetPoint (-2.29,-3.21)
lakerChangeSelMode -mode Vertex
lakerZoomIn
lakerZoomOut
lakerZoomOut
lakerSingleSel
lakerZoomIn
lakerPanUp
lakerSingleSel
lakerSingleSel
lakerStretchObj -refPoint (-1.62,1.555) -ignoreNet 0 -offsetPoint (-2.38,1.555)
lakerPanDown
lakerSetActiveLayer -layerName ME1 -purpose drawing
lakerCreateRect -layerName ME1 -point (-3.565,-4.755) (-2.77,-3.165)
lakerZoomOut
lakerZoomIn
lakerZoomIn
lakerZoomIn
lakerPanLeft
lakerPanDown
lakerPanLeft
lakerPanUp
lakerSingleSel -point (-3.599,-4.187) -traversedist 0.028
lakerSingleSel
lakerStretchObj -refPoint (-3.575,-4.185) -ignoreNet 0 -offsetPoint (-3.19,-4.185)
lakerSingleSel
lakerStretchObj -refPoint (-2.77,-4.185) -ignoreNet 0 -offsetPoint (-2.79,-4.185)
lakerSingleSel
lakerStretchObj -refPoint (-2.975,-4.755) -ignoreNet 0 -offsetPoint (-2.975,-4.725)
lakerSingleSel
lakerSingleSel
lakerStretchObj -refPoint (-2.94,-4.725) -ignoreNet 0 -offsetPoint (-2.94,-4.745)
lakerCreateRect -layerName ME1 -point (-3.19,-3.7) (-1.395,-3.18)
lakerZoomIn
lakerZoomOut
lakerZoomOut
lakerUndo
lakerAreaSel -point (-1.936,-3.96) (-1.535,-3.317)
lakerSingleSel
lakerChangeSelMode -mode DevObj
lakerZoomIn
lakerChangeSelMode -mode Vertex
lakerSingleSel
lakerChangeSelMode -mode DevObj
lakerChangeSelMode -mode Vertex
lakerSingleSel
lakerChangeSelMode -mode DevObj
lakerCopyObj -refPoint (-4.54,-3.595) -offsetPoint (-3.16,-3.595)
lakerChangeSelMode -mode Vertex
lakerCreateRect -layerName ME1 -point (-3.595,-4.05) (-1.41,-3.35)
lakerSingleSel
lakerStretchObj -refPoint (-3.365,-3.355) -ignoreNet 0 -offsetPoint (-3.365,-3.745)
lakerSingleSel
lakerStretchObj -refPoint (-1.52,-3.175) -ignoreNet 0 -offsetPoint (-1.52,-3.75)
lakerSingleSel
lakerSingleSel
lakerSingleSel
lakerChangeSelMode -mode DevObj
lakerMoveObj -ignoreNet 0 -refPoint (-3.31,-3.83) -offsetPoint (-3.31,-3.705)
lakerChangeSelMode -mode Vertex
lakerSingleSel
lakerStretchObj -refPoint (-1.535,-3.735) -ignoreNet 0 -offsetPoint (-1.535,-3.61)
lakerSingleSel
lakerStretchObj -refPoint (-2.97,-3.155) -ignoreNet 0 -offsetPoint (-2.97,-3.605)
lakerSingleSel
lakerSingleSel
lakerSingleSel
lakerStretchObj -refPoint (-3.6,-3.735) -ignoreNet 0 -offsetPoint (-3.185,-3.735)
lakerSingleSel -point (-3.319,-3.446) -traversedist 0.028
lakerZoomOut
lakerZoomOut
lakerZoomOut
lakerZoomIn
lakerZoomIn
lakerZoomOut
lakerZoomIn
lakerPanDown
lakerZoomIn
lakerZoomOut
lakerZoomOut
lakerZoomOut
lakerZoomOut
lakerZoomOut
lakerZoomIn
lakerZoomIn
lakerZoomIn
lakerZoomIn
lakerSingleSel
lakerSingleSel
lakerSingleSel
lakerSingleSel
lakerChangeSelMode -mode DevObj
lakerMoveObj -ignoreNet 0 -refPoint (-2.88,-3.995) -offsetPoint (-2.88,-4.74)
lakerChangeSelMode -mode Vertex
lakerSingleSel
lakerChangeSelMode -mode DevObj
lakerMoveObj -ignoreNet 0 -refPoint (-1.575,-3.995) -offsetPoint (-1.575,-4.74)
lakerChangeSelMode -mode Vertex
lakerSingleSel
lakerSingleSel
lakerStretchObj -refPoint (-2.665,-5.885) -ignoreNet 0 -offsetPoint (-2.665,-6.315)
lakerStretchObj -refPoint (-2.585,-6.33) -ignoreNet 0 -offsetPoint (-2.585,-6.535)
lakerSingleSel
lakerChangeSelMode -mode DevObj
lakerMoveObj -ignoreNet 0 -refPoint (-2.28,-5.715) -offsetPoint (-2.28,-6.28)
lakerChangeSelMode -mode Vertex
lakerChangeSelMode -mode DevObj
lakerChangeSelMode -mode Vertex
lakerChangeSelMode -mode DevObj
lakerChangeSelMode -mode Vertex
lakerDeleteObj
lakerUndo
lakerSingleSel
lakerChangeSelMode -mode DevObj
1 of selected objects cannot be deleted since the "Delete Shape Vertex" option in Preferences form is off.
lakerChangeSelMode -mode Vertex
lakerChangeSelMode -mode DevObj
1 of selected objects cannot be deleted since the "Delete Shape Vertex" option in Preferences form is off.
lakerChangeSelMode -mode Vertex
lakerSingleSel -point (-2.047,-5.743) -traversedist 0.056
lakerChangeSelMode -mode DevObj
lakerChangeSelMode -mode Vertex
lakerDeleteObj
lakerSingleSel
lakerChangeSelMode -mode DevObj
1 of selected objects cannot be deleted since the "Delete Shape Vertex" option in Preferences form is off.
lakerChangeSelMode -mode Vertex
lakerSingleSel
lakerSingleSel
lakerChangeSelMode -mode DevObj
lakerChangeSelMode -mode Vertex
lakerDeleteObj
lakerChangeSelMode -mode DevObj
lakerSingleSel
lakerMoveObj -ignoreNet 0 -refPoint (-2.315,-5.62) -offsetPoint (-2.315,-6.185)
lakerChangeSelMode -mode Vertex
lakerCreateContact -point (-2.505,-6.305) -device M1_M2 -routeStatus fixed -param {M1_M2 1  1  0.25 0.25 0.27 0.27 0.1 0.1 0.125 0.125 0 0.0 0.0 0.0 0.0 0.0 0.0 0 0  } -justify CenterCenter -viaGroup MCell
lakerSingleSel
lakerSingleSel
lakerSingleSel
lakerChangeSelMode -mode DevObj
lakerMoveObj -ignoreNet 0 -refPoint (-1.745,-3.755) -offsetPoint (-1.745,-5.385)
lakerChangeSelMode -mode Vertex
lakerSingleSel
lakerStretchObj -refPoint (-2.925,-5.5) -ignoreNet 0 -offsetPoint (-2.925,-5.57)
lakerStretchObj -refPoint (-2.905,-5.57) -ignoreNet 0 -offsetPoint (-2.87,-5.57)
lakerSingleSel
lakerStretchObj -refPoint (-1.5,-5.495) -ignoreNet 0 -offsetPoint (-1.5,-5.56)
lakerSingleSel
lakerStretchObj -refPoint (-2.85,-5.585) -ignoreNet 0 -offsetPoint (-2.85,-5.755)
lakerSingleSel
lakerSingleSel
lakerStretchObj -refPoint (-2.87,-5.735) -ignoreNet 0 -offsetPoint (-2.87,-5.56)
lakerZoomOut
lakerPanRight
lakerPanRight
lakerPanRight
lakerPanRight
lakerPanRight
lakerPanRight
lakerPanLeft
lakerZoomOut
lakerZoomIn
lakerZoomIn
lakerSingleSel
lakerChangeSelMode -mode DevObj
lakerChangeSelMode -mode Vertex
lakerDeleteObj
lakerSingleSel
lakerChangeSelMode -mode DevObj
lakerChangeSelMode -mode Vertex
lakerDeleteObj
lakerChangeSelMode -mode DevObj
No object is selected.
lakerChangeSelMode -mode Vertex
lakerChangeSelMode -mode DevObj
lakerSingleSel
lakerMoveObj -ignoreNet 0 -refPoint (36.475,-5.675) -offsetPoint (36.475,-6.19)
lakerChangeSelMode -mode Vertex
lakerChangeSelMode -mode DevObj
lakerSingleSel -point (36.563,-6.191) -traversedist 0.056
lakerMoveObj -ignoreNet 0 -refPoint (36.475,-6.19) -offsetPoint (36.495,-6.19)
lakerZoomOut
lakerZoomIn
lakerZoomIn
lakerPanRight
lakerPanDown
lakerPanRight
lakerChangeSelMode -mode Vertex
lakerSingleSel
lakerStretchObj -refPoint (35.765,-6.105) -ignoreNet 0 -offsetPoint (36.77,-6.105)
lakerChangeSelMode -mode DevObj
lakerChangeSelMode -mode Vertex
lakerChangeSelMode -mode DevObj
lakerChangeSelMode -mode Vertex
lakerSingleSel
lakerChangeSelMode -mode DevObj
lakerChangeSelMode -mode Vertex
lakerSingleSel -point (36.476,-5.772) -traversedist 0.028
lakerChangeSelMode -mode DevObj
lakerSingleSel
lakerMoveObj -ignoreNet 0 -refPoint (36.58,-5.925) -offsetPoint (36.58,-5.975)
lakerChangeSelMode -mode Vertex
lakerCreateContact -point (36.415,-6.305) -device M1_M2 -routeStatus fixed -param {M1_M2 1  1  0.25 0.25 0.27 0.27 0.1 0.1 0.125 0.125 0 0.0 0.0 0.0 0.0 0.0 0.0 0 0  } -justify CenterCenter -viaGroup MCell
lakerZoomOut
lakerZoomOut
lakerZoomOut
lakerPanLeft
lakerShiftCursorLeft
lakerPanLeft
lakerZoomOut
lakerZoomOut
lakerPanLeft
lakerPanRight
lakerZoomIn
lakerZoomIn
lakerPanLeft
lakerZoomOut
lakerZoomIn
lakerZoomIn
lakerPanUp
lakerPanRight
lakerPanLeft
lakerZoomIn
lakerPanRight
lakerPanDown
lakerSingleSel
lakerChangeSelMode -mode DevObj
lakerChangeSelMode -mode Vertex
lakerChangeSelMode -mode DevObj
lakerCopyObj -refPoint (-4.1,-5.71) -offsetPoint (-4.1,-4.025)
lakerChangeSelMode -mode Vertex
lakerSingleSel
lakerChangeSelMode -mode DevObj
lakerMoveObj -ignoreNet 0 -refPoint (-3.035,-3.665) -offsetPoint (-1.67,-3.665)
lakerChangeSelMode -mode Vertex
lakerChangeSelMode -mode DevObj
lakerChangeSelMode -mode Vertex
lakerZoomIn
lakerPanRight
lakerSingleSel
lakerChangeSelMode -mode DevObj
lakerMoveObj -ignoreNet 0 -refPoint (-1.635,-3.65) -offsetPoint (-1.635,-4.525)
lakerChangeSelMode -mode Vertex
lakerChangeSelMode -mode DevObj
lakerMoveObj -ignoreNet 0 -refPoint (-1.61,-3.88) -offsetPoint (-1.595,-3.88)
lakerChangeSelMode -mode Vertex
lakerChangeSelMode -mode DevObj
lakerCopyObj -refPoint (-2.73,-4.05) -offsetPoint (-1.35,-4.05)
lakerChangeSelMode -mode Vertex
lakerSingleSel
lakerChangeSelMode -mode DevObj
lakerCopyObj -refPoint (-3.56,-5.24) -offsetPoint (-2.185,-5.24)
lakerChangeSelMode -mode Vertex
lakerChangeSelMode -mode DevObj
lakerMoveObj -ignoreNet 0 -refPoint (-0.835,-5.38) -offsetPoint (-0.835,-3.685)
lakerChangeSelMode -mode Vertex
lakerChangeSelMode -mode DevObj
lakerMoveObj -ignoreNet 0 -refPoint (-0.875,-3.695) -offsetPoint (-0.87,-3.695)
lakerChangeSelMode -mode Vertex
lakerZoomOut
lakerZoomOut
lakerZoomOut
lakerZoomOut
lakerPanUp
lakerZoomIn
lakerPanDown -ratio 0
lakerPanUp
lakerPanLeft
lakerSingleSel
lakerZoomOut
lakerZoomIn
lakerZoomIn
lakerSingleSel
lakerSingleSel
lakerSingleSel
lakerStretchObj -refPoint (-15.295,3.83) -ignoreNet 0 -offsetPoint (-10.945,3.83)
lakerSingleSel
lakerSingleSel -point (-17.741,-0.567) -traversedist 0.112
lakerPanUp
lakerPanRight
lakerPanRight
lakerPanLeft
lakerPanLeft
lakerPanDown
lakerPanDown
lakerPanDown
lakerZoomOut
lakerZoomOut
lakerPanRight
lakerSingleSel -point (46.28,-12.048) -traversedist 0.449
lakerZoomOut
lakerPanRight
lakerZoomIn
lakerPanLeft
lakerZoomIn
lakerPanUp
lakerPanLeft
lakerPanDown
lakerZoomIn
lakerPanRight
lakerZoomIn
lakerPanUp
lakerCreateContact -point (35.0,-4.515) -device M1_M2 -routeStatus fixed -param {M1_M2 1  1  0.25 0.25 0.27 0.27 0.1 0.1 0.125 0.125 0 0.0 0.0 0.0 0.0 0.0 0.0 0 0  } -justify CenterCenter -viaGroup MCell
lakerSingleSel
lakerChangeSelMode -mode DevObj
lakerMoveObj -ignoreNet 0 -refPoint (35.92,-3.88) -offsetPoint (35.92,-4.5)
lakerChangeSelMode -mode Vertex
lakerChangeSelMode -mode DevObj
lakerChangeSelMode -mode Vertex
lakerDeleteObj
lakerSingleSel -point (35.904,-4.498) -traversedist 0.056
lakerSingleSel
lakerStretchObj -refPoint (36.16,-3.735) -ignoreNet 0 -offsetPoint (34.955,-3.735)
lakerChangeSelMode -mode DevObj
lakerChangeSelMode -mode Vertex
lakerSingleSel
lakerChangeSelMode -mode DevObj
lakerMoveObj -ignoreNet 0 -refPoint (35.165,-4.32) -offsetPoint (35.8,-4.32)
lakerChangeSelMode -mode Vertex
lakerChangeSelMode -mode DevObj
lakerMoveObj -ignoreNet 0 -refPoint (35.77,-4.375) -offsetPoint (35.77,-3.91)
lakerChangeSelMode -mode Vertex
lakerSingleSel
lakerSingleSel
lakerSingleSel
lakerStretchObj -refPoint (36.41,-3.5) -ignoreNet 0 -offsetPoint (36.41,-3.725)
lakerSingleSel
lakerStretchObj -refPoint (36.15,-4.175) -ignoreNet 0 -offsetPoint (36.15,-4.13)
lakerStretchObj -refPoint (36.185,-4.11) -ignoreNet 0 -offsetPoint (36.185,-4.14)
lakerSingleSel
lakerSingleSel
lakerChangeSelMode -mode DevObj
lakerChangeSelMode -mode Vertex
lakerDeleteObj
lakerSingleSel -point (36.398,-3.943) -traversedist 0.056
lakerChangeSelMode -mode DevObj
lakerSingleSel
lakerMoveObj -ignoreNet 0 -refPoint (35.77,-3.995) -offsetPoint (37.225,-3.995)
lakerChangeSelMode -mode Vertex
lakerChangeSelMode -mode DevObj
lakerSingleSel
lakerChangeSelMode -mode Vertex
lakerSingleSel
lakerChangeSelMode -mode DevObj
lakerChangeSelMode -mode Vertex
lakerSingleSel
lakerChangeSelMode -mode DevObj
lakerMoveObj -ignoreNet 0 -refPoint (37.165,-3.945) -offsetPoint (37.165,-3.845)
lakerChangeSelMode -mode Vertex
lakerSingleSel
lakerStretchObj -refPoint (34.95,-3.755) -ignoreNet 0 -offsetPoint (37.46,-3.755)
lakerSingleSel
lakerStretchObj -refPoint (35.575,-3.5) -ignoreNet 0 -offsetPoint (35.575,-3.595)
lakerSingleSel
lakerStretchObj -refPoint (35.64,-4.165) -ignoreNet 0 -offsetPoint (35.64,-4.075)
lakerZoomOut
lakerPanLeft
lakerPanLeft
lakerSingleSel
lakerStretchObj -refPoint (21.22,-4.21) -ignoreNet 0 -offsetPoint (21.22,-4.11)
lakerZoomOut
lakerPanDown
lakerPanRight
lakerPanLeft
lakerZoomIn
lakerPanRight
lakerPanRight
lakerPanUp
lakerZoomIn
lakerChangeSelMode -mode DevObj
lakerChangeSelMode -mode Vertex
lakerSingleSel
lakerChangeSelMode -mode DevObj
lakerMoveObj -ignoreNet 0 -refPoint (36.55,-6.235) -offsetPoint (36.55,-5.74)
lakerChangeSelMode -mode Vertex
lakerUndo
lakerZoomOut
lakerPanDown
lakerPanLeft
lakerPanLeft
lakerZoomOut
lakerPanLeft
lakerPanLeft
lakerZoomOut
lakerPanRight
lakerPanUp
lakerPanLeft
lakerZoomIn
lakerPanLeft
lakerPanDown
lakerZoomOut
lakerPanRight
lakerZoomOut
lakerZoomIn
lakerZoomIn
lakerPanRight
lakerPanLeft
lakerPanRight
lakerPanRight
lakerPanLeft
lakerZoomOut
lakerPanLeft
lakerZoomIn
lakerPanRight
lakerPanUp
lakerZoomOut
lakerZoomIn
lakerZoomIn
lakerPanLeft
lakerSetActiveLayer -layerName ME1 -purpose drawing
lakerCreateRect -layerName ME1 -point (-1.81,0.665) (-1.465,5.46)
lakerZoomOut
lakerPanUp
lakerZoomIn
lakerPanDown
lakerZoomIn
lakerPanDown
lakerZoomIn
lakerPanRight
lakerPanLeft
lakerSingleSel
lakerSingleSel
lakerStretchObj -refPoint (-1.465,5.385) -ignoreNet 0 -offsetPoint (-1.405,5.385)
lakerSingleSel
lakerStretchObj -refPoint (-1.805,5.405) -ignoreNet 0 -offsetPoint (-1.79,5.405)
lakerSingleSel
lakerStretchObj -refPoint (-1.55,5.46) -ignoreNet 0 -offsetPoint (-1.55,5.345)
lakerPanDown
lakerPanDown
lakerZoomOut
lakerPanDown
lakerPanUp
lakerZoomIn
lakerZoomOut
lakerZoomOut
lakerPanLeft
lakerPanRight
lakerZoomOut
lakerZoomOut
Received from RVE: [ mgc_rve_export_layout "xor" "GDSII" "/home/user2/vlsi18/vlsi1812/Lab9/Lab9/xor.calibre.db" ]
Transferring library (Lab9) to GDSII (/home/user2/vlsi18/vlsi1812/Lab9/Lab9/xor.calibre.db) ...
	Please wait a moment...
lakerExportStream -file xor.calibre.db -lib Lab9 -topCell {xor} -case Preserve -label Preserve -maxVerti 1024 -mergeRefLib 1 -OutAbsCell Off -SmashMCell ExpCont -IoLayerMapMode Map -filterText 0 -filterAllSysLayer {All} -reduceMCell 0 -reduceDevice 0 -convertPolyText 0 -pathToPolygon 0 -purposeMap 1 -keepPCell 0 -designIntention 0 -keepLastOpts 1
The Export Stream process has been completed.
Total #Fatal = 0, #Warn = 0
For more information, please check (gdsOut.log) and (gdsOut.err) files.
No illegal shape is filtered since the option "Filter-Illegal-Shapes" is turned off.
Sent to RVE: [ layout_done 1 ]
Received from RVE: [ mgc_rve_delete_markers "" 1 ]
New connection accepted, fd = 23

Received from RVE: [ mgc_rve_rfile "/home/user2/vlsi18/vlsi1812/Lab9/Lab9/query_results" ]
lakerSingleSel
lakerZoomOut
lakerZoomOut
lakerSingleSel
lakerZoomOut
lakerZoomOut
lakerZoomIn
lakerPanUp
lakerPanUp
lakerPanUp
lakerPanUp
lakerPanUp
lakerPanUp
lakerZoomOut
lakerPanDown
lakerPanDown
lakerPanDown
lakerZoomIn
lakerZoomIn
Received from RVE: [ mgc_rve_rfile "/home/user2/vlsi18/vlsi1812/Lab9/Lab9/query_results" ]
The zoom-in area is re-adjusted to minimum size that can be displayed.
The displayed area is: (-3.971,3.06) (-1.013,4.38).
lakerSingleSel
lakerZoomOut
lakerZoomOut
lakerZoomIn
lakerZoomIn
lakerSingleSel
lakerRuler -point (-2.54,3.22) (-2.035,3.22)
lakerSingleSel
lakerRuler -point (-2.54,3.37) (-2.285,3.37)
lakerSingleSel
lakerStretchObj -refPoint (-1.955,3.58) -ignoreNet 0 -offsetPoint (-2.865,3.58)
lakerUndo
lakerSingleSel
lakerSingleSel
lakerSingleSel
lakerSingleSel
lakerSingleSel
lakerSingleSel
lakerChangeSelMode -mode DevObj
lakerMoveObj -ignoreNet 0 -refPoint (-2.045,3.675) -offsetPoint (-2.95,3.675)
lakerChangeSelMode -mode Vertex
lakerUndo
lakerSingleSel
lakerStretchObj -refPoint (-1.955,3.71) -ignoreNet 0 -offsetPoint (-2.875,3.71)
lakerUndo
lakerChangeSelMode -mode DevObj
lakerChangeSelMode -mode Vertex
lakerSingleSel
lakerChangeSelMode -mode DevObj
lakerChangeSelMode -mode Vertex
lakerSingleSel
lakerChangeSelMode -mode DevObj
lakerMoveObj -ignoreNet 0 -refPoint (-2.145,3.715) -offsetPoint (-2.145,3.92)
lakerChangeSelMode -mode Vertex
lakerChangeSelMode -mode DevObj
lakerChangeSelMode -mode Vertex
lakerSingleSel
lakerChangeSelMode -mode DevObj
lakerMoveObj -ignoreNet 0 -refPoint (-2.09,3.55) -offsetPoint (-1.99,3.55)
lakerChangeSelMode -mode Vertex
lakerChangeSelMode -mode DevObj
lakerMoveObj -ignoreNet 0 -refPoint (-2.395,3.525) -offsetPoint (-2.39,3.525)
lakerChangeSelMode -mode Vertex
lakerSingleSel
lakerChangeSelMode -mode DevObj
lakerMoveObj -ignoreNet 0 -refPoint (-1.91,3.585) -offsetPoint (-1.87,3.585)
lakerChangeSelMode -mode Vertex
lakerChangeSelMode -mode DevObj
lakerAreaSel -point (-1.9,3.455) (-1.897,3.505)
lakerSingleSel
lakerChangeSelMode -mode Vertex
lakerChangeSelMode -mode DevObj
lakerMoveObj -ignoreNet 0 -refPoint (-1.895,3.585) -offsetPoint (-1.895,3.58)
lakerChangeSelMode -mode Vertex
lakerSingleSel
lakerChangeSelMode -mode DevObj
lakerMoveObj -ignoreNet 0 -refPoint (-1.875,3.55) -offsetPoint (-1.875,3.585)
lakerChangeSelMode -mode Vertex
lakerUndo
lakerSingleSel
lakerSingleSel
lakerChangeSelMode -mode DevObj
lakerMoveObj -ignoreNet 0 -refPoint (-2.135,3.905) -offsetPoint (-2.135,3.74)
lakerChangeSelMode -mode Vertex
lakerChangeSelMode -mode DevObj
lakerMoveObj -ignoreNet 0 -refPoint (-2.16,3.365) -offsetPoint (-2.13,3.365)
lakerChangeSelMode -mode Vertex
lakerChangeSelMode -mode DevObj
lakerMoveObj -ignoreNet 0 -refPoint (-2.135,3.37) -offsetPoint (-2.155,3.37)
lakerChangeSelMode -mode Vertex
lakerChangeSelMode -mode DevObj
lakerMoveObj -ignoreNet 0 -refPoint (-2.155,3.365) -offsetPoint (-2.155,3.53)
lakerChangeSelMode -mode Vertex
lakerChangeSelMode -mode DevObj
lakerChangeSelMode -mode Vertex
lakerSingleSel
lakerChangeSelMode -mode DevObj
lakerChangeSelMode -mode Vertex
lakerSingleSel
lakerSingleSel
lakerSingleSel
lakerChangeSelMode -mode DevObj
lakerMoveObj -ignoreNet 0 -refPoint (-2.38,3.52) -offsetPoint (-2.225,3.52)
lakerChangeSelMode -mode Vertex
lakerSingleSel
lakerChangeSelMode -mode DevObj
lakerMoveObj -ignoreNet 0 -refPoint (-2.405,3.905) -offsetPoint (-2.405,3.715)
lakerChangeSelMode -mode Vertex
Received from RVE: [ mgc_rve_rfile "/home/user2/vlsi18/vlsi1812/Lab9/Lab9/query_results" ]
The zoom-in area is re-adjusted to minimum size that can be displayed.
The displayed area is: (-2.181,5.668) (-1.423,6.006).
lakerSingleSel
lakerZoomOut
lakerZoomOut
lakerZoomOut
lakerZoomIn
lakerZoomIn
lakerZoomOut
lakerZoomOut
lakerZoomOut
lakerZoomIn
lakerZoomIn
lakerZoomOut
lakerSingleSel
lakerSingleSel
lakerSingleSel
lakerStretchObj -refPoint (-1.205,6.425) -ignoreNet 0 -offsetPoint (-1.205,6.855)
lakerChangeSelMode -mode DevObj
lakerChangeSelMode -mode Vertex
lakerSingleSel
lakerSingleSel
lakerChangeSelMode -mode DevObj
lakerMoveObj -ignoreNet 0 -refPoint (-1.43,6.285) -offsetPoint (-1.43,6.745)
lakerChangeSelMode -mode Vertex
lakerChangeSelMode -mode DevObj
lakerChangeSelMode -mode Vertex
lakerChangeSelMode -mode DevObj
lakerChangeSelMode -mode Vertex
lakerChangeSelMode -mode DevObj
lakerChangeSelMode -mode Vertex
lakerSingleSel
lakerChangeSelMode -mode DevObj
lakerMoveObj -ignoreNet 0 -refPoint (-1.42,5.99) -offsetPoint (-1.42,6.425)
lakerChangeSelMode -mode Vertex
lakerChangeSelMode -mode DevObj
lakerChangeSelMode -mode Vertex
lakerSingleSel
lakerSingleSel
lakerSingleSel
lakerSingleSel
lakerChangeSelMode -mode DevObj
lakerMoveObj -ignoreNet 0 -refPoint (-1.405,6.035) -offsetPoint (-1.405,6.48)
lakerChangeSelMode -mode Vertex
lakerZoomOut
lakerZoomIn
lakerZoomIn
lakerPanUp
lakerSingleSel
lakerSingleSel
lakerSingleSel
lakerSingleSel
lakerStretchObj -refPoint (-1.275,6.54) -ignoreNet 0 -offsetPoint (-1.865,6.54)
lakerSingleSel
lakerChangeSelMode -mode DevObj
lakerChangeSelMode -mode Vertex
lakerSingleSel
lakerSingleSel
lakerChangeSelMode -mode DevObj
lakerMoveObj -ignoreNet 0 -refPoint (-2.165,6.625) -offsetPoint (-2.165,6.54)
lakerChangeSelMode -mode Vertex
lakerChangeSelMode -mode DevObj
lakerChangeSelMode -mode Vertex
lakerChangeSelMode -mode DevObj
lakerMoveObj -ignoreNet 0 -refPoint (-2.16,6.54) -offsetPoint (-2.16,6.555)
lakerChangeSelMode -mode Vertex
lakerChangeSelMode -mode DevObj
lakerChangeSelMode -mode Vertex
lakerZoomOut
lakerZoomOut
lakerZoomOut
lakerZoomOut
lakerZoomIn
lakerZoomIn
lakerZoomIn
lakerZoomOut
lakerZoomIn
lakerZoomIn
lakerSingleSel
lakerSingleSel
lakerSingleSel
lakerStretchObj -refPoint (-1.305,6.465) -ignoreNet 0 -offsetPoint (-2.17,6.465)
lakerSingleSel
lakerChangeSelMode -mode DevObj
lakerMoveObj -ignoreNet 0 -refPoint (-1.42,6.45) -offsetPoint (-1.42,6.18)
lakerChangeSelMode -mode Vertex
lakerChangeSelMode -mode DevObj
lakerMoveObj -ignoreNet 0 -refPoint (-1.455,6.265) -offsetPoint (-1.455,6.545)
lakerChangeSelMode -mode Vertex
lakerSingleSel
lakerSingleSel
lakerStretchObj -refPoint (-2.16,6.575) -ignoreNet 0 -offsetPoint (-1.29,6.575)
lakerZoomOut
lakerZoomOut
lakerZoomOut
lakerPanLeft
lakerPanLeft
lakerPanRight
lakerSingleSel
lakerSingleSel
lakerStretchObj -refPoint (-13.38,6.38) -ignoreNet 0 -offsetPoint (-13.38,6.835)
Received from RVE: [ mgc_rve_export_layout "xor" "GDSII" "/home/user2/vlsi18/vlsi1812/Lab9/Lab9/xor.calibre.db" ]
Transferring library (Lab9) to GDSII (/home/user2/vlsi18/vlsi1812/Lab9/Lab9/xor.calibre.db) ...
	Please wait a moment...
lakerExportStream -file xor.calibre.db -lib Lab9 -topCell {xor} -case Preserve -label Preserve -maxVerti 1024 -mergeRefLib 1 -OutAbsCell Off -SmashMCell ExpCont -IoLayerMapMode Map -filterText 0 -filterAllSysLayer {All} -reduceMCell 0 -reduceDevice 0 -convertPolyText 0 -pathToPolygon 0 -purposeMap 1 -keepPCell 0 -designIntention 0 -keepLastOpts 1
The Export Stream process has been completed.
Total #Fatal = 0, #Warn = 0
For more information, please check (gdsOut.log) and (gdsOut.err) files.
No illegal shape is filtered since the option "Filter-Illegal-Shapes" is turned off.
Sent to RVE: [ layout_done 1 ]
Received from RVE: [ mgc_rve_delete_markers "" 1 ]
New connection accepted, fd = 23

Received from RVE: [ mgc_rve_rfile "/home/user2/vlsi18/vlsi1812/Lab9/Lab9/query_results" ]
lakerSingleSel
lakerZoomOut
lakerSingleSel
lakerZoomOut
lakerZoomIn
lakerZoomIn
lakerZoomOut
lakerZoomOut
Received from RVE: [ mgc_rve_rfile "/home/user2/vlsi18/vlsi1812/Lab9/Lab9/query_results" ]
lakerSingleSel
lakerPanRight
lakerPanUp
lakerPanUp
lakerPanUp
lakerPanUp
lakerPanUp
lakerPanUp
lakerPanUp
lakerPanUp
lakerPanUp
lakerPanUp
lakerPanUp
lakerPanUp
lakerPanUp
lakerPanUp
lakerPanUp
lakerPanUp
lakerPanUp
lakerPanUp
lakerPanUp
lakerPanUp
lakerPanUp
lakerPanUp
lakerPanUp
lakerPanUp
lakerPanUp
lakerPanUp
lakerPanUp
lakerPanUp
lakerPanUp
lakerPanUp
lakerPanUp
lakerPanUp
lakerPanUp
lakerPanUp
lakerPanUp
lakerPanUp
lakerPanUp
lakerPanUp
lakerPanUp
lakerPanUp
lakerPanUp
lakerPanUp
lakerPanUp
lakerPanUp
lakerPanUp
lakerPanUp
lakerPanUp
lakerPanUp
lakerPanDown
lakerPanDown
lakerSingleSel
lakerStretchObj -refPoint (-0.65,4.11) -ignoreNet 0 -offsetPoint (-0.655,4.11)
lakerSingleSel
lakerStretchObj -refPoint (-0.47,4.095) -ignoreNet 0 -offsetPoint (-0.475,4.095)
lakerPanDown
lakerPanDown
lakerPanDown
lakerPanDown
lakerPanDown
lakerPanDown
lakerPanDown
lakerPanDown
lakerPanDown
lakerPanDown
lakerPanDown
lakerPanDown
lakerPanDown
lakerPanDown
lakerPanDown
lakerPanDown
lakerPanDown
lakerPanDown
lakerPanDown
lakerPanDown
lakerPanDown
lakerPanDown
lakerPanDown
lakerPanDown
lakerPanDown
lakerPanDown
lakerPanDown
lakerPanDown
lakerPanDown
lakerPanDown
lakerPanDown
lakerPanDown
lakerPanDown
lakerPanDown
lakerPanDown
lakerPanDown
lakerPanDown
lakerPanDown
lakerPanDown
lakerPanDown
lakerPanDown
lakerPanDown
lakerPanDown
lakerPanDown
lakerPanDown
lakerPanDown
lakerPanDown
lakerPanDown
lakerPanUp
lakerPanUp
lakerPanUp
lakerPanUp
lakerPanUp
lakerPanUp
lakerPanUp
lakerPanUp
lakerPanUp
lakerPanUp
lakerPanUp
lakerPanUp
lakerPanUp
lakerPanUp
lakerPanUp
lakerPanUp
lakerPanUp
lakerPanUp
lakerPanUp
lakerPanUp
lakerPanUp
lakerPanUp
lakerPanUp
lakerPanUp
lakerPanUp
lakerPanUp
lakerPanUp
lakerPanUp
lakerPanUp
lakerPanUp
lakerPanUp
lakerPanUp
lakerPanUp
lakerPanUp
lakerPanUp
lakerPanUp
lakerPanUp
lakerPanUp
lakerPanUp
lakerPanUp
lakerPanUp
lakerPanUp
lakerPanUp
lakerPanUp
lakerPanUp
lakerPanUp
lakerPanUp
lakerPanUp
lakerPanUp
lakerPanUp
lakerPanUp
lakerPanUp
lakerPanUp
lakerPanUp
lakerPanUp
lakerPanUp
lakerPanUp
lakerPanUp
lakerPanDown
lakerPanDown
lakerPanDown
lakerPanDown
lakerPanDown
lakerPanDown
lakerPanDown
lakerPanDown
lakerPanDown
lakerPanDown
lakerPanDown
lakerPanDown
lakerPanDown
lakerPanDown
lakerPanDown
lakerPanDown
lakerPanDown
lakerPanDown
lakerPanDown
lakerPanDown
lakerPanDown
lakerPanDown
lakerPanDown
lakerPanDown
lakerPanDown
lakerPanDown
lakerPanDown
lakerPanDown
lakerPanDown
lakerPanDown
lakerPanDown
lakerPanDown
lakerPanDown
lakerPanDown
lakerPanDown
lakerPanLeft
lakerPanUp
lakerPanUp
lakerPanUp
lakerPanUp
lakerPanUp
lakerPanUp
lakerPanUp
lakerPanUp
lakerPanUp
lakerPanUp
lakerPanUp
lakerPanUp
lakerPanUp
lakerPanUp
lakerPanUp
lakerPanUp
lakerPanUp
lakerPanUp
lakerPanUp
lakerPanUp
lakerPanUp
lakerPanUp
lakerPanUp
lakerPanUp
lakerPanUp
lakerPanUp
lakerPanUp
lakerPanLeft
lakerPanLeft
lakerPanLeft
lakerPanDown
lakerSingleSel
lakerStretchObj -refPoint (-2.03,4.185) -ignoreNet 0 -offsetPoint (-2.035,4.185)
lakerSingleSel
lakerStretchObj -refPoint (-1.85,4.16) -ignoreNet 0 -offsetPoint (-1.855,4.16)
lakerPanLeft
lakerPanLeft
lakerPanRight
lakerZoomOut
lakerZoomOut
lakerZoomOut
lakerPanDown
lakerPanDown
lakerPanDown
lakerPanDown
lakerPanDown
lakerPanDown
lakerZoomIn
lakerZoomIn
lakerChangeSelMode -mode DevObj
lakerChangeSelMode -mode Vertex
lakerSingleSel
lakerChangeSelMode -mode DevObj
lakerMoveObj -ignoreNet 0 -refPoint (-2.3,-4.875) -offsetPoint (-2.295,-4.875)
lakerChangeSelMode -mode Vertex
lakerPanRight
lakerPanRight
lakerPanLeft
lakerSingleSel
lakerStretchObj -refPoint (-1.8,-4.825) -ignoreNet 0 -offsetPoint (-1.795,-4.825)
lakerPanUp
lakerSingleSel
lakerStretchObj -refPoint (-1.805,-4.25) -ignoreNet 0 -offsetPoint (-1.8,-4.25)
lakerSingleSel
lakerPanLeft
lakerSingleSel
lakerStretchObj -refPoint (-3.18,-4.83) -ignoreNet 0 -offsetPoint (-3.165,-4.83)
lakerPanDown
lakerPanDown
lakerSingleSel
lakerStretchObj -refPoint (-3.185,-5.405) -ignoreNet 0 -offsetPoint (-3.17,-5.405)
lakerPanRight
lakerPanUp
lakerPanUp
lakerPanUp
lakerSingleSel
lakerSingleSel
lakerSingleSel
lakerStretchObj -refPoint (-1.8,-3.83) -ignoreNet 0 -offsetPoint (-1.795,-3.83)
lakerPanRight
lakerPanRight
lakerPanDown
lakerPanDown
lakerPanLeft
lakerPanLeft
lakerPanDown
lakerPanUp
lakerPanUp
lakerPanUp
lakerZoomOut
lakerZoomOut
lakerPanUp
lakerPanUp
lakerPanUp
lakerPanUp
lakerZoomIn
lakerPanDown
lakerSingleSel
lakerStretchObj -refPoint (-2.415,1.07) -ignoreNet 0 -offsetPoint (-2.415,1.085)
lakerStretchObj -refPoint (-2.41,1.085) -ignoreNet 0 -offsetPoint (-2.975,1.085)
lakerStretchObj -refPoint (-2.985,1.03) -ignoreNet 0 -offsetPoint (-2.41,1.03)
lakerPanRight
lakerZoomOut
lakerZoomOut
lakerPanRight
lakerPanLeft
lakerZoomIn
lakerPanDown
lakerPanDown
lakerPanDown
lakerPanDown
lakerZoomIn
lakerZoomIn
lakerPanLeft
lakerPanUp
Received from RVE: [ mgc_rve_export_layout "xor" "GDSII" "/home/user2/vlsi18/vlsi1812/Lab9/Lab9/xor.calibre.db" ]
Transferring library (Lab9) to GDSII (/home/user2/vlsi18/vlsi1812/Lab9/Lab9/xor.calibre.db) ...
	Please wait a moment...
lakerExportStream -file xor.calibre.db -lib Lab9 -topCell {xor} -case Preserve -label Preserve -maxVerti 1024 -mergeRefLib 1 -OutAbsCell Off -SmashMCell ExpCont -IoLayerMapMode Map -filterText 0 -filterAllSysLayer {All} -reduceMCell 0 -reduceDevice 0 -convertPolyText 0 -pathToPolygon 0 -purposeMap 1 -keepPCell 0 -designIntention 0 -keepLastOpts 1
The Export Stream process has been completed.
Total #Fatal = 0, #Warn = 0
For more information, please check (gdsOut.log) and (gdsOut.err) files.
No illegal shape is filtered since the option "Filter-Illegal-Shapes" is turned off.
Sent to RVE: [ layout_done 1 ]
Received from RVE: [ mgc_rve_delete_markers "" 1 ]
New connection accepted, fd = 23

Received from RVE: [ mgc_rve_rfile "/home/user2/vlsi18/vlsi1812/Lab9/Lab9/query_results" ]
lakerSingleSel
Received from RVE: [ mgc_rve_rfile "/home/user2/vlsi18/vlsi1812/Lab9/Lab9/query_results" ]
lakerSingleSel -point (0.554,-4.471) -traversedist 0.033
Received from RVE: [ mgc_rve_rfile "/home/user2/vlsi18/vlsi1812/Lab9/Lab9/query_results" ]
lakerSingleSel
lakerSingleSel
lakerStretchObj -refPoint (-1.505,5.455) -ignoreNet 0 -offsetPoint (-1.505,5.32)
lakerSingleSel
lakerStretchObj -refPoint (-1.915,5.715) -ignoreNet 0 -offsetPoint (-1.915,5.605)
lakerZoomOut
lakerZoomOut
lakerZoomIn
lakerZoomIn
lakerZoomOut
lakerZoomOut
lakerZoomOut
lakerPanRight
lakerPanDown
lakerPanDown
lakerPanLeft
lakerZoomOut
lakerZoomIn
lakerZoomIn
lakerZoomIn
lakerPanUp
lakerPanUp
lakerPanUp
lakerPanUp
lakerPanUp
lakerZoomOut
lakerPanUp
lakerPanUp
Received from RVE: [ mgc_rve_rfile "/home/user2/vlsi18/vlsi1812/Lab9/Lab9/query_results" ]
lakerSingleSel
lakerSingleSel
lakerSingleSel
lakerStretchObj -refPoint (-0.55,5.715) -ignoreNet 0 -offsetPoint (-0.55,5.595)
lakerZoomOut
lakerPanDown
lakerPanDown
lakerPanDown
lakerPanDown
lakerPanDown
lakerPanDown
lakerPanDown
lakerPanDown
lakerZoomOut
lakerZoomOut
lakerZoomOut
lakerPanUp
lakerZoomIn
lakerZoomIn
lakerPanUp
lakerChangeSelMode -mode DevObj
lakerChangeSelMode -mode Vertex
lakerChangeSelMode -mode Object
lakerSelInsideGroup -selInside 0
lakerChangeSelMode -mode Vertex
lakerSelInsideGroup -selInside 1
lakerCreateGuardRing -point (-5.18,7.385) -useMaskResolution 0 -device NGR -createCornerContact 1 -SameAsBodyWidth 0 -conSpace 0.250000 -impEnc 0.200000 -centerLine (-5.18,7.385) (1.97,7.385) -layerSetting { NIMP drawing enable none }
lakerZoomOut
lakerPanLeft
lakerPanLeft
lakerPanDown
lakerPanDown
lakerPanDown
lakerPanRight
lakerPanUp
lakerPanRight
lakerPanUp
lakerZoomOut
lakerZoomIn
lakerZoomIn
lakerPanUp
lakerZoomIn
lakerPanUp
lakerZoomOut
lakerSingleSel
lakerStretchObj -refPoint (3.525,7.575) -ignoreNet 0 -offsetPoint (3.525,8.555)
lakerSingleSel
lakerSingleSel
lakerSingleSel
lakerStretchObj -refPoint (-2.9,10.125) -ignoreNet 0 -offsetPoint (-2.9,7.45)
lakerUndo
lakerSingleSel
lakerSingleSel
lakerSingleSel
lakerChangeSelMode -mode DevObj
lakerMoveObj -ignoreNet 0 -refPoint (-2.92,9.69) -offsetPoint (-2.92,9.43)
lakerChangeSelMode -mode Vertex
lakerSingleSel
lakerSingleSel
lakerSingleSel
lakerSingleSel
lakerStretchObj -refPoint (-2.95,9.865) -ignoreNet 0 -offsetPoint (-2.95,7.565)
lakerSingleSel
lakerSingleSel
lakerSingleSel
lakerZoomIn
lakerPanDown
lakerPanLeft
lakerSingleSel
lakerSingleSel
lakerStretchObj -refPoint (-2.985,4.22) -ignoreNet 0 -offsetPoint (-2.985,4.485)
lakerPanRight
lakerPanUp
lakerPanUp
lakerZoomOut
lakerZoomOut
lakerZoomIn
lakerSingleSel
lakerStretchObj -refPoint (-0.225,10.18) -ignoreNet 0 -offsetPoint (-0.225,7.59)
lakerPanDown
lakerZoomIn
lakerZoomIn
lakerSingleSel
lakerStretchObj -refPoint (-0.03,5.47) -ignoreNet 0 -offsetPoint (-0.1,5.47)
lakerSingleSel
lakerSingleSel
lakerStretchObj -refPoint (-0.095,5.51) -ignoreNet 0 -offsetPoint (-0.03,5.51)
lakerSingleSel
lakerStretchObj -refPoint (-0.415,5.69) -ignoreNet 0 -offsetPoint (-0.42,5.69)
lakerSingleSel
lakerStretchObj -refPoint (-0.355,4.59) -ignoreNet 0 -offsetPoint (-0.355,4.53)
lakerZoomOut
lakerZoomOut
lakerZoomOut
lakerPanDown
lakerPanDown
lakerZoomIn
lakerZoomIn
lakerZoomOut
lakerZoomOut
lakerPanUp
lakerZoomOut
lakerPanDown
lakerPanUp
lakerZoomIn
lakerPanDown
lakerZoomIn
lakerCreateGuardRing -point (-4.51,-6.87) -useMaskResolution 0 -device PGR -createCornerContact 1 -SameAsBodyWidth 0 -conSpace 0.250000 -impEnc 0.200000 -centerLine (-4.51,-6.87) (0.415,-6.87) -layerSetting { PIMP drawing enable none }
lakerZoomOut
lakerZoomOut
lakerSingleSel
lakerChangeSelMode -mode DevObj
lakerChangeSelMode -mode Vertex
lakerSingleSel
lakerChangeSelMode -mode DevObj
lakerMoveObj -ignoreNet 0 -refPoint (7.61,-8.43) -offsetPoint (7.61,-9.24)
lakerChangeSelMode -mode Vertex
lakerSingleSel
lakerChangeSelMode -mode DevObj
lakerMoveObj -ignoreNet 0 -refPoint (14.205,-9.085) -offsetPoint (14.205,-9.78)
lakerChangeSelMode -mode Vertex
lakerSingleSel
lakerSingleSel
lakerSingleSel
lakerStretchObj -refPoint (-23.645,-7.93) -ignoreNet 0 -offsetPoint (-23.645,-9.51)
lakerZoomOut
lakerZoomOut
lakerZoomOut
lakerZoomIn
lakerZoomIn
lakerZoomIn
lakerPanRight
lakerPanLeft
lakerZoomIn
lakerPanRight
lakerPanRight
lakerSingleSel
lakerSingleSel
lakerChangeSelMode -mode DevObj
lakerChangeSelMode -mode Vertex
lakerDeleteObj
lakerSingleSel
lakerSingleSel
lakerStretchObj -refPoint (23.68,-9.51) -ignoreNet 0 -offsetPoint (23.68,-9.585)
lakerPanLeft
lakerPanLeft
lakerPanLeft
lakerPanRight
lakerZoomOut
lakerZoomIn
lakerZoomIn
lakerSingleSel
lakerSingleSel
lakerSingleSel
lakerChangeSelMode -mode DevObj
lakerMoveObj -ignoreNet 0 -refPoint (0.73,-7.005) -offsetPoint (0.73,-7.215)
lakerChangeSelMode -mode Vertex
lakerChangeSelMode -mode DevObj
lakerMoveObj -ignoreNet 0 -refPoint (0.595,-7.285) -offsetPoint (0.705,-7.285)
lakerChangeSelMode -mode Vertex
lakerZoomOut
lakerPanLeft
lakerPanLeft
lakerPanUp
lakerPanDown
lakerPanRight
lakerPanRight
lakerPanRight
lakerPanRight
lakerPanRight
lakerPanLeft
lakerPanLeft
lakerPanLeft
lakerPanLeft
lakerZoomIn
lakerZoomOut
lakerPanRight
lakerZoomOut
lakerZoomIn
lakerZoomIn
lakerSingleSel
lakerChangeSelMode -mode DevObj
lakerMoveObj -ignoreNet 0 -refPoint (-0.25,-6.83) -offsetPoint (-0.25,-7.1)
lakerChangeSelMode -mode Vertex
lakerChangeSelMode -mode DevObj
lakerMoveObj -ignoreNet 0 -refPoint (-0.035,-7.295) -offsetPoint (0.635,-7.295)
lakerChangeSelMode -mode Vertex
lakerSingleSel
lakerStretchObj -refPoint (1.65,-7.3) -ignoreNet 0 -offsetPoint (1.39,-7.3)
lakerZoomOut
lakerZoomOut
lakerZoomIn
lakerZoomIn
lakerZoomIn
lakerSingleSel
lakerChangeSelMode -mode DevObj
lakerCopyObj -refPoint (-4.195,-5.26) -offsetPoint (-3.505,-5.26)
lakerChangeSelMode -mode Vertex
lakerZoomIn
lakerPanUp
lakerPanRight
lakerZoomIn
lakerPanUp
lakerPanLeft
lakerPanUp
lakerSingleSel
lakerStretchObj -refPoint (-0.715,-4.845) -ignoreNet 0 -offsetPoint (-0.71,-4.845)
lakerPanDown
lakerPanDown
lakerPanDown
lakerZoomIn
lakerZoomOut
lakerZoomOut
lakerZoomOut
lakerSingleSel
lakerStretchObj -refPoint (-0.795,-5.565) -ignoreNet 0 -offsetPoint (-0.795,-7.56)
lakerPanUp
lakerZoomOut
lakerZoomOut
lakerZoomOut
lakerPanUp
lakerZoomIn
lakerZoomIn
lakerSingleSel
lakerPanDown
lakerPanDown
lakerPanDown
lakerPanDown
lakerPanUp
lakerPanUp
Received from RVE: [ mgc_rve_export_layout "xor" "GDSII" "/home/user2/vlsi18/vlsi1812/Lab9/Lab9/xor.calibre.db" ]
Transferring library (Lab9) to GDSII (/home/user2/vlsi18/vlsi1812/Lab9/Lab9/xor.calibre.db) ...
	Please wait a moment...
lakerExportStream -file xor.calibre.db -lib Lab9 -topCell {xor} -case Preserve -label Preserve -maxVerti 1024 -mergeRefLib 1 -OutAbsCell Off -SmashMCell ExpCont -IoLayerMapMode Map -filterText 0 -filterAllSysLayer {All} -reduceMCell 0 -reduceDevice 0 -convertPolyText 0 -pathToPolygon 0 -purposeMap 1 -keepPCell 0 -designIntention 0 -keepLastOpts 1
The Export Stream process has been completed.
Total #Fatal = 0, #Warn = 0
For more information, please check (gdsOut.log) and (gdsOut.err) files.
No illegal shape is filtered since the option "Filter-Illegal-Shapes" is turned off.
Sent to RVE: [ layout_done 1 ]
Received from RVE: [ mgc_rve_delete_markers "" 1 ]
New connection accepted, fd = 23

Received from RVE: [ mgc_rve_rfile "/home/user2/vlsi18/vlsi1812/Lab9/Lab9/query_results" ]
The zoom-in area is re-adjusted to minimum size that can be displayed.
The displayed area is: (-3.291,3.059) (-0.329,4.381).
lakerSingleSel
lakerZoomOut
lakerZoomOut
lakerZoomIn
lakerZoomIn
lakerZoomOut
lakerZoomIn
Received from RVE: [ mgc_rve_rfile "/home/user2/vlsi18/vlsi1812/Lab9/Lab9/query_results" ]
The zoom-in area is re-adjusted to minimum size that can be displayed.
The displayed area is: (-3.291,3.059) (-0.329,4.381).
lakerSingleSel

//  Reconnected to license server for feature calinteractive after 1 retries

lakerSingleSel
lakerStretchObj -refPoint (-1.795,3.275) -ignoreNet 0 -offsetPoint (-1.495,3.275)
lakerRuler -point (-1.825,3.495) (-1.58,3.495)
lakerPanUp
lakerPanDown
lakerSingleSel
lakerSingleSel
lakerStretchObj -refPoint (-1.495,3.385) -ignoreNet 0 -offsetPoint (-1.58,3.385)
lakerPanUp
lakerPanUp
lakerPanDown
lakerPanDown
lakerPanRight
Received from RVE: [ mgc_rve_rfile "/home/user2/vlsi18/vlsi1812/Lab9/Lab9/query_results" ]
lakerSingleSel -point (37.519,-5.942) -traversedist 0.01
lakerZoomOut
lakerZoomOut
lakerZoomOut
lakerZoomOut
lakerZoomIn
lakerZoomIn
lakerZoomOut
lakerZoomOut
lakerZoomIn
lakerZoomIn
lakerZoomIn
lakerRuler -point (36.99,-6.455) (36.745,-6.455)
lakerChangeSelMode -mode DevObj
lakerSingleSel
lakerMoveObj -ignoreNet 0 -refPoint (36.625,-6.275) -offsetPoint (36.19,-6.275)
lakerChangeSelMode -mode Vertex
lakerChangeSelMode -mode DevObj
lakerSingleSel
lakerMoveObj -ignoreNet 0 -refPoint (36.69,-6.32) -offsetPoint (36.315,-6.32)
lakerChangeSelMode -mode Vertex
lakerChangeSelMode -mode DevObj
lakerSingleSel
lakerMoveObj -ignoreNet 0 -refPoint (36.685,-6.34) -offsetPoint (36.46,-6.34)
lakerSingleSel
lakerChangeSelMode -mode Vertex
lakerSingleSel
lakerChangeSelMode -mode DevObj
lakerMoveObj -ignoreNet 0 -refPoint (35.995,-6.405) -offsetPoint (36.35,-6.405)
lakerChangeSelMode -mode Vertex
lakerChangeSelMode -mode DevObj
lakerChangeSelMode -mode Vertex
lakerSingleSel
lakerChangeSelMode -mode DevObj
lakerChangeSelMode -mode Vertex
lakerSingleSel
lakerChangeSelMode -mode DevObj
lakerAreaSel -point (36.345,-6.415) (36.353,-6.413)
lakerChangeSelMode -mode Vertex
lakerUndo
lakerRedo
lakerSingleSel
lakerChangeSelMode -mode DevObj
lakerChangeSelMode -mode Vertex
lakerSingleSel
lakerChangeSelMode -mode DevObj
lakerMoveObj -ignoreNet 0 -refPoint (36.155,-6.42) -offsetPoint (36.36,-6.42)
lakerChangeSelMode -mode Vertex
lakerSingleSel
lakerChangeSelMode -mode DevObj
lakerChangeSelMode -mode Vertex
lakerSingleSel
lakerSingleSel
lakerChangeSelMode -mode DevObj
lakerMoveObj -ignoreNet 0 -refPoint (36.04,-6.335) -offsetPoint (36.455,-6.335)
lakerChangeSelMode -mode Vertex
lakerPanLeft
lakerPanLeft
lakerPanLeft
lakerPanLeft
lakerPanLeft
lakerPanLeft
lakerPanLeft
lakerZoomOut
lakerZoomOut
lakerZoomOut
lakerPanLeft
lakerPanLeft
lakerZoomOut
Received from RVE: [ mgc_rve_export_layout "xor" "GDSII" "/home/user2/vlsi18/vlsi1812/Lab9/Lab9/xor.calibre.db" ]
Transferring library (Lab9) to GDSII (/home/user2/vlsi18/vlsi1812/Lab9/Lab9/xor.calibre.db) ...
	Please wait a moment...
lakerExportStream -file xor.calibre.db -lib Lab9 -topCell {xor} -case Preserve -label Preserve -maxVerti 1024 -mergeRefLib 1 -OutAbsCell Off -SmashMCell ExpCont -IoLayerMapMode Map -filterText 0 -filterAllSysLayer {All} -reduceMCell 0 -reduceDevice 0 -convertPolyText 0 -pathToPolygon 0 -purposeMap 1 -keepPCell 0 -designIntention 0 -keepLastOpts 1
The Export Stream process has been completed.
Total #Fatal = 0, #Warn = 0
For more information, please check (gdsOut.log) and (gdsOut.err) files.
No illegal shape is filtered since the option "Filter-Illegal-Shapes" is turned off.
Sent to RVE: [ layout_done 1 ]
Received from RVE: [ mgc_rve_delete_markers "" 1 ]
New connection accepted, fd = 23

Received from RVE: [ mgc_rve_rfile "/home/user2/vlsi18/vlsi1812/Lab9/Lab9/query_results" ]
Received from RVE: [ mgc_rve_rfile "/home/user2/vlsi18/vlsi1812/Lab9/Lab9/query_results" ]
lakerSingleSel
lakerSingleSel
lakerAttribute -index 1 -point (-1.58,0.665) (-1.35,5.325)
lakerPanUp
lakerPanDown
lakerChangeSelMode -mode DevObj
lakerChangeSelMode -mode Vertex
lakerSingleSel
lakerSingleSel
lakerChangeSelMode -mode DevObj
lakerMoveObj -ignoreNet 0 -refPoint (-1.5,2.43) -offsetPoint (-1.56,2.43)
lakerChangeSelMode -mode Vertex
lakerPanUp
lakerZoomIn
lakerChangeSelMode -mode DevObj
lakerMoveObj -ignoreNet 0 -refPoint (-1.56,3.98) -offsetPoint (-1.54,3.98)
lakerChangeSelMode -mode Vertex
lakerChangeSelMode -mode DevObj
lakerMoveObj -ignoreNet 0 -refPoint (-1.54,3.98) -offsetPoint (-1.555,3.98)
lakerChangeSelMode -mode Vertex
lakerPanDown
lakerPanDown
lakerPanUp
lakerPanDown
lakerRuler -point (-1.635,3.365) (-1.88,3.365)
lakerSingleSel
lakerChangeSelMode -mode DevObj
lakerMoveObj -ignoreNet 0 -refPoint (-2.135,3.55) -offsetPoint (-2.39,3.55)
lakerChangeSelMode -mode Vertex
lakerChangeSelMode -mode DevObj
lakerMoveObj -ignoreNet 0 -refPoint (-2.125,3.515) -offsetPoint (-2.465,3.515)
lakerChangeSelMode -mode Vertex
lakerChangeSelMode -mode DevObj
lakerMoveObj -ignoreNet 0 -refPoint (-2.125,3.505) -offsetPoint (-2.495,3.505)
lakerChangeSelMode -mode Vertex
lakerChangeSelMode -mode DevObj
lakerChangeSelMode -mode Vertex
lakerSingleSel
lakerSingleSel
lakerChangeSelMode -mode DevObj
lakerMoveObj -ignoreNet 0 -refPoint (-2.12,3.53) -offsetPoint (-2.92,3.53)
lakerChangeSelMode -mode Vertex
lakerChangeSelMode -mode DevObj
lakerChangeSelMode -mode Vertex
lakerSingleSel
lakerChangeSelMode -mode DevObj
lakerMoveObj -ignoreNet 0 -refPoint (-2.1,3.55) -offsetPoint (-3.425,3.55)
lakerChangeSelMode -mode Vertex
lakerSingleSel
lakerChangeSelMode -mode DevObj
lakerMoveObj -ignoreNet 0 -refPoint (-2.8,3.53) -offsetPoint (-2.415,3.53)
lakerChangeSelMode -mode Vertex
lakerChangeSelMode -mode DevObj
lakerMoveObj -ignoreNet 0 -refPoint (-2.38,3.545) -offsetPoint (-2.325,3.545)
lakerChangeSelMode -mode Vertex
lakerSingleSel
lakerChangeSelMode -mode DevObj
lakerChangeSelMode -mode Vertex
lakerSingleSel
lakerChangeSelMode -mode DevObj
lakerMoveObj -ignoreNet 0 -refPoint (-2.245,3.555) -offsetPoint (-1.885,3.555)
lakerChangeSelMode -mode Vertex
lakerSingleSel
lakerZoomIn
lakerZoomIn
lakerPanUp
lakerPanLeft
lakerPanLeft
lakerChangeSelMode -mode DevObj
lakerChangeSelMode -mode Vertex
lakerDeleteObj
lakerAreaSel -point (-2.37,3.36) (-2.365,3.379)
lakerChangeSelMode -mode DevObj
lakerChangeSelMode -mode Vertex
lakerChangeSelMode -mode DevObj
lakerSingleSel -point (-2.36,3.368) -traversedist 0.006
lakerSingleSel -point (-2.36,3.37) -traversedist 0.006
lakerSingleSel -point (-2.359,3.373) -traversedist 0.006
lakerAreaSel -point (-2.377,3.33) (-2.315,3.407)
lakerChangeSelMode -mode Vertex
lakerRuler -point (-2.545,3.48) (-2.29,3.48)
lakerSingleSel
lakerSingleSel
lakerSingleSel
lakerSingleSel
lakerSingleSel
lakerChangeSelMode -mode DevObj
lakerMoveObj -ignoreNet 0 -refPoint (-2.175,3.505) -offsetPoint (-2.18,3.505)
lakerChangeSelMode -mode Vertex
lakerZoomOut
lakerZoomIn
lakerPanRight
lakerZoomOut
lakerZoomOut
lakerPanLeft
lakerSingleSel
lakerSingleSel
lakerSingleSel
lakerChangeSelMode -mode DevObj
lakerChangeSelMode -mode Vertex
lakerSingleSel
lakerChangeSelMode -mode DevObj
lakerMoveObj -ignoreNet 0 -refPoint (-3.18,3.475) -offsetPoint (-1.86,3.475)
lakerChangeSelMode -mode Vertex
lakerSingleSel
lakerSingleSel
lakerChangeSelMode -mode DevObj
lakerMoveObj -ignoreNet 0 -refPoint (-3.37,3.635) -offsetPoint (-2.265,3.635)
lakerChangeSelMode -mode Vertex
lakerPanLeft
lakerPanLeft
lakerZoomOut
lakerZoomOut
lakerPanLeft
lakerZoomIn
lakerPanRight
lakerChangeSelMode -mode DevObj
lakerMoveObj -ignoreNet 0 -refPoint (-7.385,3.705) -offsetPoint (-7.51,3.705)
lakerChangeSelMode -mode Vertex
lakerPanRight
lakerPanRight
lakerPanRight
Received from RVE: [ mgc_rve_export_layout "xor" "GDSII" "/home/user2/vlsi18/vlsi1812/Lab9/Lab9/xor.calibre.db" ]
Transferring library (Lab9) to GDSII (/home/user2/vlsi18/vlsi1812/Lab9/Lab9/xor.calibre.db) ...
	Please wait a moment...
lakerExportStream -file xor.calibre.db -lib Lab9 -topCell {xor} -case Preserve -label Preserve -maxVerti 1024 -mergeRefLib 1 -OutAbsCell Off -SmashMCell ExpCont -IoLayerMapMode Map -filterText 0 -filterAllSysLayer {All} -reduceMCell 0 -reduceDevice 0 -convertPolyText 0 -pathToPolygon 0 -purposeMap 1 -keepPCell 0 -designIntention 0 -keepLastOpts 1
The Export Stream process has been completed.
Total #Fatal = 0, #Warn = 0
For more information, please check (gdsOut.log) and (gdsOut.err) files.
No illegal shape is filtered since the option "Filter-Illegal-Shapes" is turned off.
Sent to RVE: [ layout_done 1 ]
Received from RVE: [ mgc_rve_delete_markers "" 1 ]
New connection accepted, fd = 23

Received from RVE: [ mgc_rve_rfile "/home/user2/vlsi18/vlsi1812/Lab9/Lab9/query_results" ]
lakerSingleSel
lakerAttribute -index 1 -point (-1.635,0.665) (-1.395,5.325)
lakerPanDown
lakerZoomOut
lakerZoomIn
lakerZoomIn
lakerZoomIn
lakerPanUp
lakerChangeSelMode -mode Object
lakerChangeSelMode -mode Vertex
lakerSingleSel -point (-1.743,3.533) -traversedist 0.003
lakerUndo
lakerUndo
lakerUndo
lakerZoomOut
lakerZoomOut
lakerZoomOut
lakerRedo
lakerRedo
lakerRedo
lakerSingleSel
lakerAttribute -index 1 -point (-1.635,0.665) (-1.405,5.325)
lakerZoomOut
lakerZoomIn
lakerZoomIn
lakerZoomIn
lakerZoomOut
lakerZoomOut
lakerZoomOut
lakerZoomOut
lakerZoomIn
lakerZoomIn
lakerZoomOut
lakerZoomOut
lakerZoomOut
lakerZoomIn
lakerZoomIn
lakerPanUp
lakerPanUp
lakerPanDown
lakerSingleSel
lakerSingleSel
lakerSingleSel
lakerSingleSel
lakerSingleSel
lakerSingleSel
lakerSingleSel
lakerSingleSel
lakerStretchObj -refPoint (-1.945,5.615) -ignoreNet 0 -offsetPoint (-1.945,6.215)
lakerSingleSel
lakerChangeSelMode -mode DevObj
lakerMoveObj -ignoreNet 0 -refPoint (-2.13,3.675) -offsetPoint (-2.13,5.945)
lakerChangeSelMode -mode Vertex
lakerChangeSelMode -mode DevObj
lakerMoveObj -ignoreNet 0 -refPoint (-2.13,5.945) -offsetPoint (-2.29,5.945)
lakerChangeSelMode -mode Vertex
lakerChangeSelMode -mode DevObj
lakerChangeSelMode -mode Vertex
lakerSingleSel
lakerChangeSelMode -mode DevObj
lakerChangeSelMode -mode Vertex
lakerSingleSel
lakerChangeSelMode -mode DevObj
lakerMoveObj -ignoreNet 0 -refPoint (-3.77,3.75) -offsetPoint (-4.37,3.75)
lakerChangeSelMode -mode Vertex
lakerChangeSelMode -mode DevObj
lakerChangeSelMode -mode Vertex
lakerSingleSel
lakerChangeSelMode -mode DevObj
lakerMoveObj -ignoreNet 0 -refPoint (-2.155,3.67) -offsetPoint (-2.155,5.94)
lakerChangeSelMode -mode Vertex
lakerChangeSelMode -mode DevObj
lakerMoveObj -ignoreNet 0 -refPoint (-2.155,5.94) -offsetPoint (-2.315,5.94)
lakerChangeSelMode -mode Vertex
lakerChangeSelMode -mode DevObj
lakerChangeSelMode -mode Vertex
lakerSingleSel
lakerChangeSelMode -mode DevObj
lakerMoveObj -ignoreNet 0 -refPoint (-3.335,3.625) -offsetPoint (-3.335,5.885)
lakerChangeSelMode -mode Vertex
lakerChangeSelMode -mode DevObj
lakerChangeSelMode -mode Vertex
lakerSingleSel
lakerChangeSelMode -mode DevObj
lakerChangeSelMode -mode Vertex
lakerSingleSel
lakerPanLeft
lakerPanLeft
lakerZoomOut
lakerZoomIn
lakerPanRight
lakerPanRight
lakerZoomIn
lakerPanUp
lakerSingleSel
lakerSingleSel
lakerChangeSelMode -mode DevObj
lakerMoveObj -ignoreNet 0 -refPoint (-3.465,5.94) -offsetPoint (-2.9,5.94)
lakerChangeSelMode -mode Vertex
lakerPanLeft
lakerPanLeft
lakerPanLeft
lakerPanLeft
lakerZoomOut
lakerZoomOut
lakerPanDown
lakerZoomIn
lakerPanUp
lakerSingleSel
lakerStretchObj -refPoint (-10.495,3.94) -ignoreNet 0 -offsetPoint (-10.495,6.22)
Received from RVE: [ mgc_rve_export_layout "xor" "GDSII" "/home/user2/vlsi18/vlsi1812/Lab9/Lab9/xor.calibre.db" ]
Transferring library (Lab9) to GDSII (/home/user2/vlsi18/vlsi1812/Lab9/Lab9/xor.calibre.db) ...
	Please wait a moment...
lakerExportStream -file xor.calibre.db -lib Lab9 -topCell {xor} -case Preserve -label Preserve -maxVerti 1024 -mergeRefLib 1 -OutAbsCell Off -SmashMCell ExpCont -IoLayerMapMode Map -filterText 0 -filterAllSysLayer {All} -reduceMCell 0 -reduceDevice 0 -convertPolyText 0 -pathToPolygon 0 -purposeMap 1 -keepPCell 0 -designIntention 0 -keepLastOpts 1
The Export Stream process has been completed.
Total #Fatal = 0, #Warn = 0
For more information, please check (gdsOut.log) and (gdsOut.err) files.
No illegal shape is filtered since the option "Filter-Illegal-Shapes" is turned off.
Sent to RVE: [ layout_done 1 ]
Received from RVE: [ mgc_rve_delete_markers "" 1 ]
New connection accepted, fd = 23

Received from RVE: [ mgc_rve_rfile "/home/user2/vlsi18/vlsi1812/Lab9/Lab9/query_results" ]
lakerSingleSel
lakerZoomOut
lakerZoomOut
lakerZoomOut
lakerZoomOut
lakerZoomOut
lakerZoomOut
lakerZoomIn
lakerZoomIn
lakerZoomIn
lakerSingleSel
lakerSingleSel
lakerSingleSel
lakerStretchObj -refPoint (-3.38,4.44) -ignoreNet 0 -offsetPoint (-3.845,4.44)
lakerUndo
lakerZoomOut
lakerZoomOut
lakerZoomOut
lakerPanDown
lakerZoomOut
lakerZoomIn
lakerZoomIn
lakerPanUp
lakerPanUp
lakerZoomIn
lakerPanUp
lakerZoomOut
lakerZoomOut
lakerZoomOut
lakerZoomIn
lakerZoomIn
lakerZoomIn
lakerSingleSel
lakerPanLeft
lakerPanLeft
lakerPanLeft
lakerPanRight
lakerPanRight
lakerPanRight
lakerChangeSelMode -mode DevObj
lakerChangeSelMode -mode Vertex
lakerChangeSelMode -mode DevObj
lakerChangeSelMode -mode Vertex
lakerSingleSel
lakerChangeSelMode -mode DevObj
lakerMoveObj -ignoreNet 0 -refPoint (2.115,7.28) -offsetPoint (2.115,8.45)
lakerChangeSelMode -mode Vertex
lakerSingleSel
lakerStretchObj -refPoint (-0.27,7.535) -ignoreNet 0 -offsetPoint (-0.27,8.76)
lakerSingleSel
lakerStretchObj -refPoint (-2.925,7.565) -ignoreNet 0 -offsetPoint (-2.925,8.75)
lakerSingleSel
lakerSingleSel
lakerSingleSel
lakerSingleSel
lakerZoomIn
lakerSingleSel
lakerStretchObj -refPoint (-1.23,6.85) -ignoreNet 0 -offsetPoint (-1.23,7.76)
lakerChangeSelMode -mode DevObj
lakerChangeSelMode -mode Vertex
lakerChangeSelMode -mode DevObj
lakerChangeSelMode -mode Vertex
lakerSingleSel
lakerSingleSel
lakerChangeSelMode -mode DevObj
lakerMoveObj -ignoreNet 0 -refPoint (-1.49,6.61) -offsetPoint (-1.49,7.52)
lakerChangeSelMode -mode Vertex
lakerChangeSelMode -mode DevObj
lakerChangeSelMode -mode Vertex
lakerChangeSelMode -mode DevObj
lakerChangeSelMode -mode Vertex
lakerSingleSel
lakerSingleSel
lakerChangeSelMode -mode DevObj
lakerChangeSelMode -mode Vertex
lakerSingleSel
lakerChangeSelMode -mode DevObj
lakerChangeSelMode -mode Vertex
lakerSingleSel
lakerChangeSelMode -mode DevObj
lakerMoveObj -ignoreNet 0 -refPoint (-1.665,6.47) -offsetPoint (-1.665,7.385)
lakerChangeSelMode -mode Vertex
lakerChangeSelMode -mode DevObj
lakerChangeSelMode -mode Vertex
lakerSingleSel
lakerChangeSelMode -mode DevObj
lakerMoveObj -ignoreNet 0 -refPoint (-1.585,6.595) -offsetPoint (-1.585,7.505)
lakerChangeSelMode -mode Vertex
lakerZoomIn
lakerZoomIn
lakerPanDown
lakerPanRight
lakerPanDown
lakerChangeSelMode -mode DevObj
lakerMoveObj -ignoreNet 0 -refPoint (-1.46,7.325) -offsetPoint (-1.46,7.24)
lakerChangeSelMode -mode Vertex
lakerChangeSelMode -mode DevObj
lakerMoveObj -ignoreNet 0 -refPoint (-1.45,7.25) -offsetPoint (-1.45,7.34)
lakerChangeSelMode -mode Vertex
lakerZoomOut
lakerZoomOut
lakerPanLeft
lakerPanLeft
lakerPanLeft
lakerPanLeft
lakerSingleSel
lakerStretchObj -refPoint (-13.28,6.84) -ignoreNet 0 -offsetPoint (-13.28,7.755)
lakerPanDown
lakerPanRight
lakerPanRight
lakerPanRight
lakerPanRight
lakerPanLeft
lakerPanRight
lakerSingleSel
lakerSingleSel
lakerStretchObj -refPoint (-1.89,6.205) -ignoreNet 0 -offsetPoint (-1.89,6.775)
lakerChangeSelMode -mode DevObj
lakerChangeSelMode -mode Vertex
lakerSingleSel
lakerChangeSelMode -mode DevObj
lakerMoveObj -ignoreNet 0 -refPoint (-2.16,6.01) -offsetPoint (-2.16,6.575)
lakerChangeSelMode -mode Vertex
lakerChangeSelMode -mode DevObj
lakerChangeSelMode -mode Vertex
lakerSingleSel
lakerChangeSelMode -mode DevObj
lakerMoveObj -ignoreNet 0 -refPoint (-2.09,5.94) -offsetPoint (-2.09,6.505)
lakerChangeSelMode -mode Vertex
lakerSingleSel
lakerChangeSelMode -mode DevObj
lakerMoveObj -ignoreNet 0 -refPoint (-2.12,5.925) -offsetPoint (-2.12,6.485)
lakerChangeSelMode -mode Vertex
lakerZoomOut
lakerPanDown
lakerZoomOut
lakerPanUp
lakerPanLeft
lakerPanDown
lakerPanRight
lakerPanUp
lakerPanDown
lakerSetActiveLayer -layerName NW -purpose drawing
lakerCreateRect -layerName NW -point (-8.495,2.25) (6.275,9.645)
lakerZoomOut
lakerPanRight
lakerPanDown
lakerPanLeft
Received from RVE: [ mgc_rve_export_layout "xor" "GDSII" "/home/user2/vlsi18/vlsi1812/Lab9/Lab9/xor.calibre.db" ]
Transferring library (Lab9) to GDSII (/home/user2/vlsi18/vlsi1812/Lab9/Lab9/xor.calibre.db) ...
	Please wait a moment...
lakerExportStream -file xor.calibre.db -lib Lab9 -topCell {xor} -case Preserve -label Preserve -maxVerti 1024 -mergeRefLib 1 -OutAbsCell Off -SmashMCell ExpCont -IoLayerMapMode Map -filterText 0 -filterAllSysLayer {All} -reduceMCell 0 -reduceDevice 0 -convertPolyText 0 -pathToPolygon 0 -purposeMap 1 -keepPCell 0 -designIntention 0 -keepLastOpts 1
The Export Stream process has been completed.
Total #Fatal = 0, #Warn = 0
For more information, please check (gdsOut.log) and (gdsOut.err) files.
No illegal shape is filtered since the option "Filter-Illegal-Shapes" is turned off.
Sent to RVE: [ layout_done 1 ]
Received from RVE: [ mgc_rve_delete_markers "" 1 ]
New connection accepted, fd = 23

Received from RVE: [ mgc_rve_rfile "/home/user2/vlsi18/vlsi1812/Lab9/Lab9/query_results" ]
lakerZoomOut
lakerZoomOut
lakerZoomOut
lakerZoomOut
lakerZoomOut
lakerZoomOut
lakerZoomIn
lakerZoomIn
lakerZoomIn
lakerSingleSel
lakerStretchObj -refPoint (-10.545,6.205) -ignoreNet 0 -offsetPoint (-10.545,6.77)
Received from RVE: [ mgc_rve_export_layout "xor" "GDSII" "/home/user2/vlsi18/vlsi1812/Lab9/Lab9/xor.calibre.db" ]
Transferring library (Lab9) to GDSII (/home/user2/vlsi18/vlsi1812/Lab9/Lab9/xor.calibre.db) ...
	Please wait a moment...
lakerExportStream -file xor.calibre.db -lib Lab9 -topCell {xor} -case Preserve -label Preserve -maxVerti 1024 -mergeRefLib 1 -OutAbsCell Off -SmashMCell ExpCont -IoLayerMapMode Map -filterText 0 -filterAllSysLayer {All} -reduceMCell 0 -reduceDevice 0 -convertPolyText 0 -pathToPolygon 0 -purposeMap 1 -keepPCell 0 -designIntention 0 -keepLastOpts 1
The Export Stream process has been completed.
Total #Fatal = 0, #Warn = 0
For more information, please check (gdsOut.log) and (gdsOut.err) files.
No illegal shape is filtered since the option "Filter-Illegal-Shapes" is turned off.
Sent to RVE: [ layout_done 1 ]
Received from RVE: [ mgc_rve_delete_markers "" 1 ]
New connection accepted, fd = 23

Received from RVE: [ mgc_rve_delete_markers "" 1 ]
Received from RVE: [ mgc_rve_export_layout "xor" "GDSII" "/home/user2/vlsi18/vlsi1812/Lab9/Lab9/xor.calibre.db" ]
Transferring library (Lab9) to GDSII (/home/user2/vlsi18/vlsi1812/Lab9/Lab9/xor.calibre.db) ...
	Please wait a moment...
lakerExportStream -file xor.calibre.db -lib Lab9 -topCell {xor} -case Preserve -label Preserve -maxVerti 1024 -mergeRefLib 1 -OutAbsCell Off -SmashMCell ExpCont -IoLayerMapMode Map -filterText 0 -filterAllSysLayer {All} -reduceMCell 0 -reduceDevice 0 -convertPolyText 0 -pathToPolygon 0 -purposeMap 1 -keepPCell 0 -designIntention 0 -keepLastOpts 1
The Export Stream process has been completed.
Total #Fatal = 0, #Warn = 0
For more information, please check (gdsOut.log) and (gdsOut.err) files.
No illegal shape is filtered since the option "Filter-Illegal-Shapes" is turned off.
Sent to RVE: [ layout_done 1 ]
New connection accepted, fd = 23

Received from RVE: [ mgc_rve_delete_markers "" 1 ]
Calibre process exit.
lakerZoomOut
lakerZoomOut
lakerZoomOut
lakerPanRight
lakerPanDown
lakerSingleSel
lakerSingleSel
lakerSingleSel
lakerPanUp
lakerSingleSel
lakerSingleSel
lakerSingleSel
lakerPanLeft
lakerSingleSel
lakerSingleSel
lakerPanDown
lakerPanRight
lakerPanUp
lakerPanLeft
lakerPanDown
lakerZoomOut
lakerZoomOut
lakerZoomIn
lakerZoomIn
lakerZoomIn
lakerPanUp
lakerPanRight
lakerPanRight
lakerPanRight
lakerPanLeft
lakerPanDown
lakerPanLeft
lakerPanLeft
lakerPanRight
lakerPanRight
lakerPanRight
lakerPanUp
lakerPanDown
lakerPanLeft
lakerPanRight
lakerPanLeft
lakerPanUp
lakerPanLeft
lakerPanLeft
lakerPanLeft
lakerPanUp
lakerCalibreLVS
//  Calibre Interactive - LVS  v2017.4_19.14    Tue Nov 7 11:38:09 PST 2017
//
//        Copyright Mentor Graphics Corporation 1996-2017
//                       All Rights Reserved.
//   THIS WORK CONTAINS TRADE SECRET AND PROPRIETARY INFORMATION
//      WHICH IS THE PROPERTY OF MENTOR GRAPHICS CORPORATION
//        OR ITS LICENSORS AND IS SUBJECT TO LICENSE TERMS.
//
//  The registered trademark Linux is used pursuant to a sublicense from LMI, the
//  exclusive licensee of Linus Torvalds, owner of the mark on a world-wide basis.
//
//  Mentor Graphics software executing under x86-64 Linux
//
//  Running on Linux vlsicad9 2.6.32-696.28.1.el6.x86_64 #1 SMP Wed May 9 23:09:02 UTC 2018 x86_64
//  64 bit virtual addressing enabled
//
//  Starting time: Mon Jun  4 16:52:12 2018
//

New connection accepted, fd = 20

//  calinteractive license acquired.
//  Calibre Interactive authorized.

Received from RVE: [ mgc_rve_export_layout "xor" "GDSII" "/home/user2/vlsi18/vlsi1812/Lab9/Lab9/xor.calibre.db" ]
Transferring library (Lab9) to GDSII (/home/user2/vlsi18/vlsi1812/Lab9/Lab9/xor.calibre.db) ...
	Please wait a moment...
lakerExportStream -file xor.calibre.db -lib Lab9 -topCell {xor} -case Preserve -label Preserve -maxVerti 1024 -mergeRefLib 1 -OutAbsCell Off -SmashMCell ExpCont -IoLayerMapMode Map -filterText 0 -filterAllSysLayer {All} -reduceMCell 0 -reduceDevice 0 -convertPolyText 0 -pathToPolygon 0 -purposeMap 1 -keepPCell 0 -designIntention 0 -keepLastOpts 1
The Export Stream process has been completed.
Total #Fatal = 0, #Warn = 0
For more information, please check (gdsOut.log) and (gdsOut.err) files.
No illegal shape is filtered since the option "Filter-Illegal-Shapes" is turned off.
Sent to RVE: [ layout_done 1 ]
New connection accepted, fd = 25

lakerSingleSel -point (-34.056,2.081) -traversedist 0.202
lakerPanDown
lakerPanRight
lakerZoomOut
lakerZoomOut
lakerZoomIn
lakerZoomIn
lakerPanDown
lakerPanRight
lakerPanRight
lakerPanRight
lakerZoomOut
lakerPanLeft
lakerPanUp
lakerPanRight
lakerPanDown
lakerZoomIn
lakerZoomIn
lakerPanRight
lakerChangeSelMode -mode DevObj
lakerSingleSel
lakerMoveObj -ignoreNet 0 -refPoint (36.025,-5.05) -offsetPoint (36.025,-5.585)
Received from RVE: [ mgc_rve_export_layout "xor" "GDSII" "/home/user2/vlsi18/vlsi1812/Lab9/Lab9/xor.calibre.db" ]
Transferring library (Lab9) to GDSII (/home/user2/vlsi18/vlsi1812/Lab9/Lab9/xor.calibre.db) ...
	Please wait a moment...
lakerExportStream -file xor.calibre.db -lib Lab9 -topCell {xor} -case Preserve -label Preserve -maxVerti 1024 -mergeRefLib 1 -OutAbsCell Off -SmashMCell ExpCont -IoLayerMapMode Map -filterText 0 -filterAllSysLayer {All} -reduceMCell 0 -reduceDevice 0 -convertPolyText 0 -pathToPolygon 0 -purposeMap 1 -keepPCell 0 -designIntention 0 -keepLastOpts 1
The Export Stream process has been completed.
Total #Fatal = 0, #Warn = 0
For more information, please check (gdsOut.log) and (gdsOut.err) files.
No illegal shape is filtered since the option "Filter-Illegal-Shapes" is turned off.
Sent to RVE: [ layout_done 1 ]
Received from RVE: [ mgc_rve_delete_markers "" 1 ]
New connection accepted, fd = 25

lakerChangeSelMode -mode Vertex
lakerZoomOut
lakerPanLeft
lakerZoomOut
lakerPanLeft
lakerPanUp
lakerSingleSel -point (-11.617,-3.928) -traversedist 0.404
lakerPanDown
lakerPanUp
Received from RVE: [ mgc_rve_export_layout "xor" "GDSII" "/home/user2/vlsi18/vlsi1812/Lab9/Lab9/xor.calibre.db" ]
Transferring library (Lab9) to GDSII (/home/user2/vlsi18/vlsi1812/Lab9/Lab9/xor.calibre.db) ...
	Please wait a moment...
lakerExportStream -file xor.calibre.db -lib Lab9 -topCell {xor} -case Preserve -label Preserve -maxVerti 1024 -mergeRefLib 1 -OutAbsCell Off -SmashMCell ExpCont -IoLayerMapMode Map -filterText 0 -filterAllSysLayer {All} -reduceMCell 0 -reduceDevice 0 -convertPolyText 0 -pathToPolygon 0 -purposeMap 1 -keepPCell 0 -designIntention 0 -keepLastOpts 1
The Export Stream process has been completed.
Total #Fatal = 0, #Warn = 0
For more information, please check (gdsOut.log) and (gdsOut.err) files.
No illegal shape is filtered since the option "Filter-Illegal-Shapes" is turned off.
Sent to RVE: [ layout_done 1 ]
Received from RVE: [ mgc_rve_delete_markers "" 1 ]
New connection accepted, fd = 25

Received from RVE: [ mgc_rve_delete_markers "" 1 ]
Calibre process exit.
lakerSaveDesign
lakerCloseDesign
au time 5868.774423 275.532113 249.758031 delta 79667200 79667200 total 389656576 389656576
